<?xml version="1.0" encoding="UTF-8"?>
<testsuites name="VAA0042-Manage Department" time="15" tests="2" failures="0" errors="0">
   <testsuite name="VAA0042-Manage Department" tests="2" failures="0" errors="0" time="15" timestamp="2018-09-03 17:48:25" hostname="Manoj-D - Manoj-D.vofox.com" id="Test Suites/VAA0042-Manage Department">
      <properties>
         <property name="deviceName" value=""/>
         <property name="devicePlatform" value=""/>
         <property name="logFolder" value="E:\\VofoxQA\\AssesmentApp_Katalon\\AssesmentApp\\Reports\\VAA0042-Manage Department\\20180903_174824"/>
         <property name="logFiles" value="E:\\VofoxQA\\AssesmentApp_Katalon\\AssesmentApp\\Reports\\VAA0042-Manage Department\\20180903_174824\\execution0.log"/>
         <property name="attachments" value=""/>
         <property name="hostName" value="Manoj-D - Manoj-D.vofox.com"/>
         <property name="os" value="Windows 10 64bit"/>
         <property name="katalonVersion" value="5.6.1.1"/>
         <property name="browser" value="Firefox 59.0"/>
         <property name="hostAddress" value="192.168.10.121"/>
         <property name="sessionId" value="698c7d93-bdbc-4843-ae5e-b5d7e5d9adcb"/>
         <property name="seleniumVersion" value="3.7.1"/>
         <property name="proxyInformation" value="ProxyInformation{proxyOption=NO_PROXY, proxyServerType=HTTP, password=, proxyServerAddress=, proxyServerPort=0}"/>
         <property name="platform" value="Windows 10"/>
      </properties>
      <testcase name="Test Cases/Manage Department/TCA094001" classname="Test Cases/Manage Department/TCA094001" status="PASSED">
         <system-out><![CDATA[2018-09-03 17:48:26 - [TEST_CASE][PASSED] - Test Cases/Manage Department/TCA094001: Test Cases/Manage Department/TCA094001

2018-09-03 17:48:26 - [TEST_STEP][PASSED] - openBrowser: Browser is opened with url: ''

2018-09-03 17:48:31 - [MESSAGE][PASSED] - Browser is opened with url: ''

2018-09-03 17:48:31 - [TEST_STEP][PASSED] - navigateToUrl: Navigate to 'http://192.168.10.150/eserviceCRProvider/AdminLogin.aspx' successfully

2018-09-03 17:48:32 - [MESSAGE][PASSED] - Navigate to 'http://192.168.10.150/eserviceCRProvider/AdminLogin.aspx' successfully

2018-09-03 17:48:32 - [TEST_STEP][PASSED] - setText: Text 'Admin' is set on object 'Object Repository/Page_Admin Login/input_ctl00ContentPlaceHolder1_1'

2018-09-03 17:48:32 - [MESSAGE][PASSED] - Text 'Admin' is set on object 'Object Repository/Page_Admin Login/input_ctl00ContentPlaceHolder1_1'

2018-09-03 17:48:32 - [TEST_STEP][PASSED] - setEncryptedText: Text ****** has been set on object 'Object Repository/Page_Admin Login/input_ctl00ContentPlaceHolder1_2'

2018-09-03 17:48:33 - [MESSAGE][PASSED] - Text ****** has been set on object 'Object Repository/Page_Admin Login/input_ctl00ContentPlaceHolder1_2'

2018-09-03 17:48:33 - [TEST_STEP][PASSED] - click: Object: 'Object Repository/Page_Admin Login/input_ctl00ContentPlaceHolderBTN' is clicked on

2018-09-03 17:48:34 - [MESSAGE][PASSED] - Object: 'Object Repository/Page_Admin Login/input_ctl00ContentPlaceHolderBTN' is clicked on

2018-09-03 17:48:34 - [TEST_STEP][PASSED] - verifyElementText: Actual text and expected text of test object 'Object Repository/Page_/span_SuperAdmin' are matched.

2018-09-03 17:48:34 - [MESSAGE][PASSED] - Actual text and expected text of test object 'Object Repository/Page_/span_SuperAdmin' are matched.]]></system-out>
         <system-err><![CDATA[]]></system-err>
      </testcase>
      <testcase name="Test Cases/Manage Department/TCA094002" classname="Test Cases/Manage Department/TCA094002" status="PASSED">
         <system-out><![CDATA[2018-09-03 17:48:34 - [TEST_CASE][PASSED] - Test Cases/Manage Department/TCA094002: Test Cases/Manage Department/TCA094002

2018-09-03 17:48:34 - [TEST_STEP][PASSED] - click: Object: 'Object Repository/Page_/a_ Manage Department' is clicked on

2018-09-03 17:48:35 - [MESSAGE][PASSED] - Object: 'Object Repository/Page_/a_ Manage Department' is clicked on

2018-09-03 17:48:35 - [TEST_STEP][PASSED] - verifyElementText: Actual text and expected text of test object 'Object Repository/Page_/td_Manage Department' are matched.

2018-09-03 17:48:35 - [MESSAGE][PASSED] - Actual text and expected text of test object 'Object Repository/Page_/td_Manage Department' are matched.

2018-09-03 17:48:35 - [TEST_STEP][PASSED] - verifyElementText: Actual text and expected text of test object 'Object Repository/Page_/th_Department' are matched.

2018-09-03 17:48:35 - [MESSAGE][PASSED] - Actual text and expected text of test object 'Object Repository/Page_/th_Department' are matched.

2018-09-03 17:48:35 - [TEST_STEP][PASSED] - verifyElementText: Actual text and expected text of test object 'Object Repository/Page_/th_Description' are matched.

2018-09-03 17:48:35 - [MESSAGE][PASSED] - Actual text and expected text of test object 'Object Repository/Page_/th_Description' are matched.

2018-09-03 17:48:35 - [TEST_STEP][PASSED] - verifyElementText: Actual text and expected text of test object 'Object Repository/Page_/a_Edit' are matched.

2018-09-03 17:48:35 - [MESSAGE][PASSED] - Actual text and expected text of test object 'Object Repository/Page_/a_Edit' are matched.

2018-09-03 17:48:35 - [TEST_STEP][PASSED] - verifyElementText: Actual text and expected text of test object 'Object Repository/Page_/a_Delete' are matched.

2018-09-03 17:48:35 - [MESSAGE][PASSED] - Actual text and expected text of test object 'Object Repository/Page_/a_Delete' are matched.

2018-09-03 17:48:35 - [TEST_STEP][PASSED] - click: Object: 'Object Repository/Page_/input_btnAddNewDepartment' is clicked on

2018-09-03 17:48:35 - [MESSAGE][PASSED] - Object: 'Object Repository/Page_/input_btnAddNewDepartment' is clicked on

2018-09-03 17:48:35 - [TEST_STEP][PASSED] - verifyElementText: Actual text and expected text of test object 'Object Repository/Page_/span_Add New Department' are matched.

2018-09-03 17:48:35 - [MESSAGE][PASSED] - Actual text and expected text of test object 'Object Repository/Page_/span_Add New Department' are matched.

2018-09-03 17:48:35 - [TEST_STEP][PASSED] - verifyElementText: Actual text and expected text of test object 'Object Repository/Page_/td_Department' are matched.

2018-09-03 17:48:35 - [MESSAGE][PASSED] - Actual text and expected text of test object 'Object Repository/Page_/td_Department' are matched.

2018-09-03 17:48:35 - [TEST_STEP][PASSED] - verifyElementText: Actual text and expected text of test object 'Object Repository/Page_/th_Description' are matched.

2018-09-03 17:48:35 - [MESSAGE][PASSED] - Actual text and expected text of test object 'Object Repository/Page_/th_Description' are matched.

2018-09-03 17:48:35 - [TEST_STEP][PASSED] - click: Object: 'Object Repository/Page_/input_ButtonSubmit' is clicked on

2018-09-03 17:48:35 - [MESSAGE][PASSED] - Object: 'Object Repository/Page_/input_ButtonSubmit' is clicked on

2018-09-03 17:48:35 - [TEST_STEP][PASSED] - delay: Delayed 5 second(s)

2018-09-03 17:48:41 - [MESSAGE][PASSED] - Delayed 5 second(s)]]></system-out>
         <system-err><![CDATA[]]></system-err>
      </testcase>
      <system-out><![CDATA[2018-09-03 17:48:25 - [TEST_SUITE][INCOMPLETE] - VAA0042-Manage Department: null]]></system-out>
      <system-err><![CDATA[2018-09-03 17:48:25 - [TEST_SUITE][INCOMPLETE] - VAA0042-Manage Department: null]]></system-err>
   </testsuite>
</testsuites>
