<?xml version="1.0" encoding="UTF-8"?>
<testsuites name="Admin_login" time="56" tests="8" failures="0" errors="0">
   <testsuite name="Admin_login" tests="8" failures="0" errors="0" time="56" timestamp="2018-09-03 15:46:52" hostname="Manoj-D - Manoj-D.vofox.com" id="Test Suites/Admin_login">
      <properties>
         <property name="deviceName" value=""/>
         <property name="devicePlatform" value=""/>
         <property name="logFolder" value="E:\\VofoxQA\\AssesmentApp_Katalon\\AssesmentApp\\Reports\\Admin_login\\20180903_154650"/>
         <property name="logFiles" value="E:\\VofoxQA\\AssesmentApp_Katalon\\AssesmentApp\\Reports\\Admin_login\\20180903_154650\\execution0.log"/>
         <property name="attachments" value=""/>
         <property name="hostName" value="Manoj-D - Manoj-D.vofox.com"/>
         <property name="os" value="Windows 10 64bit"/>
         <property name="katalonVersion" value="5.6.1.1"/>
         <property name="browser" value="Firefox 59.0"/>
         <property name="hostAddress" value="192.168.10.121"/>
         <property name="sessionId" value="bb6841bb-d5dc-4082-aa0d-c1e5b912309e"/>
         <property name="seleniumVersion" value="3.7.1"/>
         <property name="proxyInformation" value="ProxyInformation{proxyOption=NO_PROXY, proxyServerType=HTTP, password=, proxyServerAddress=, proxyServerPort=0}"/>
         <property name="platform" value="Windows 10"/>
      </properties>
      <testcase name="Test Cases/Admin_Login/TCA091001" classname="Test Cases/Admin_Login/TCA091001" status="PASSED">
         <system-out><![CDATA[2018-09-03 15:46:52 - [TEST_CASE][PASSED] - Test Cases/Admin_Login/TCA091001: Test Cases/Admin_Login/TCA091001

2018-09-03 15:46:53 - [TEST_STEP][PASSED] - openBrowser: Browser is opened with url: ''

2018-09-03 15:46:58 - [MESSAGE][PASSED] - Browser is opened with url: ''

2018-09-03 15:46:58 - [TEST_STEP][PASSED] - navigateToUrl: Navigate to 'http://192.168.10.150/eserviceCRProvider/AdminLogin.aspx' successfully

2018-09-03 15:46:58 - [MESSAGE][PASSED] - Navigate to 'http://192.168.10.150/eserviceCRProvider/AdminLogin.aspx' successfully

2018-09-03 15:46:58 - [TEST_STEP][PASSED] - setText: Text 'Admin' is set on object 'Object Repository/Page_Admin Login/input_ctl00ContentPlaceHolder1_1'

2018-09-03 15:46:59 - [MESSAGE][PASSED] - Text 'Admin' is set on object 'Object Repository/Page_Admin Login/input_ctl00ContentPlaceHolder1_1'

2018-09-03 15:46:59 - [TEST_STEP][PASSED] - setEncryptedText: Text ****** has been set on object 'Object Repository/Page_Admin Login/input_ctl00ContentPlaceHolder1_2'

2018-09-03 15:46:59 - [MESSAGE][PASSED] - Text ****** has been set on object 'Object Repository/Page_Admin Login/input_ctl00ContentPlaceHolder1_2'

2018-09-03 15:46:59 - [TEST_STEP][PASSED] - click: Object: 'Object Repository/Page_Admin Login/input_ctl00ContentPlaceHolder1' is clicked on

2018-09-03 15:47:00 - [MESSAGE][PASSED] - Object: 'Object Repository/Page_Admin Login/input_ctl00ContentPlaceHolder1' is clicked on

2018-09-03 15:47:00 - [TEST_STEP][PASSED] - closeBrowser: Browser is closed

2018-09-03 15:47:01 - [MESSAGE][PASSED] - Browser is closed]]></system-out>
         <system-err><![CDATA[]]></system-err>
      </testcase>
      <testcase name="Test Cases/Admin_Login/TCA091002" classname="Test Cases/Admin_Login/TCA091002" status="PASSED">
         <system-out><![CDATA[2018-09-03 15:47:01 - [TEST_CASE][PASSED] - Test Cases/Admin_Login/TCA091002: Test Cases/Admin_Login/TCA091002

2018-09-03 15:47:01 - [TEST_STEP][PASSED] - openBrowser: Browser is opened with url: ''

2018-09-03 15:47:05 - [MESSAGE][PASSED] - Browser is opened with url: ''

2018-09-03 15:47:05 - [TEST_STEP][PASSED] - navigateToUrl: Navigate to 'http://192.168.10.150/eserviceCRProvider/AdminLogin.aspx' successfully

2018-09-03 15:47:06 - [MESSAGE][PASSED] - Navigate to 'http://192.168.10.150/eserviceCRProvider/AdminLogin.aspx' successfully

2018-09-03 15:47:06 - [TEST_STEP][PASSED] - setText: Text '' is set on object 'Object Repository/Page_Admin Login/input_ctl00ContentPlaceHolder1_1'

2018-09-03 15:47:06 - [MESSAGE][PASSED] - Text '' is set on object 'Object Repository/Page_Admin Login/input_ctl00ContentPlaceHolder1_1'

2018-09-03 15:47:06 - [TEST_STEP][PASSED] - setEncryptedText: Text ****** has been set on object 'Object Repository/Page_Admin Login/input_ctl00ContentPlaceHolder1_2'

2018-09-03 15:47:06 - [MESSAGE][PASSED] - Text ****** has been set on object 'Object Repository/Page_Admin Login/input_ctl00ContentPlaceHolder1_2'

2018-09-03 15:47:06 - [TEST_STEP][PASSED] - click: Object: 'Object Repository/Page_Admin Login/input_ctl00ContentPlaceHolder1' is clicked on

2018-09-03 15:47:06 - [MESSAGE][PASSED] - Object: 'Object Repository/Page_Admin Login/input_ctl00ContentPlaceHolder1' is clicked on

2018-09-03 15:47:06 - [TEST_STEP][PASSED] - click: Object: 'Object Repository/Page_Admin Login/input_ctl00ContentPlaceHolder1' is clicked on

2018-09-03 15:47:06 - [MESSAGE][PASSED] - Object: 'Object Repository/Page_Admin Login/input_ctl00ContentPlaceHolder1' is clicked on

2018-09-03 15:47:06 - [TEST_STEP][PASSED] - verifyElementText: Actual text and expected text of test object 'Object Repository/Page_Admin Login/span_Enter Username' are matched.

2018-09-03 15:47:06 - [MESSAGE][PASSED] - Actual text and expected text of test object 'Object Repository/Page_Admin Login/span_Enter Username' are matched.

2018-09-03 15:47:06 - [TEST_STEP][PASSED] - verifyElementText: Actual text and expected text of test object 'Object Repository/Page_Admin Login/span_Enter Password' are matched.

2018-09-03 15:47:06 - [MESSAGE][PASSED] - Actual text and expected text of test object 'Object Repository/Page_Admin Login/span_Enter Password' are matched.

2018-09-03 15:47:06 - [TEST_STEP][PASSED] - closeBrowser: Browser is closed

2018-09-03 15:47:07 - [MESSAGE][PASSED] - Browser is closed]]></system-out>
         <system-err><![CDATA[]]></system-err>
      </testcase>
      <testcase name="Test Cases/Admin_Login/TCA091003" classname="Test Cases/Admin_Login/TCA091003" status="PASSED">
         <system-out><![CDATA[2018-09-03 15:47:07 - [TEST_CASE][PASSED] - Test Cases/Admin_Login/TCA091003: Test Cases/Admin_Login/TCA091003

2018-09-03 15:47:07 - [TEST_STEP][PASSED] - openBrowser: Browser is opened with url: ''

2018-09-03 15:47:11 - [MESSAGE][PASSED] - Browser is opened with url: ''

2018-09-03 15:47:11 - [TEST_STEP][PASSED] - navigateToUrl: Navigate to 'http://192.168.10.150/eserviceCRProvider/AdminLogin.aspx' successfully

2018-09-03 15:47:11 - [MESSAGE][PASSED] - Navigate to 'http://192.168.10.150/eserviceCRProvider/AdminLogin.aspx' successfully

2018-09-03 15:47:11 - [TEST_STEP][PASSED] - setText: Text '' is set on object 'Object Repository/Page_Admin Login/input_ctl00ContentPlaceHolder1_1'

2018-09-03 15:47:11 - [MESSAGE][PASSED] - Text '' is set on object 'Object Repository/Page_Admin Login/input_ctl00ContentPlaceHolder1_1'

2018-09-03 15:47:11 - [TEST_STEP][PASSED] - setEncryptedText: Text ****** has been set on object 'Object Repository/Page_Admin Login/input_ctl00ContentPlaceHolder1_2'

2018-09-03 15:47:11 - [MESSAGE][PASSED] - Text ****** has been set on object 'Object Repository/Page_Admin Login/input_ctl00ContentPlaceHolder1_2'

2018-09-03 15:47:11 - [TEST_STEP][PASSED] - click: Object: 'Object Repository/Page_Admin Login/input_ctl00ContentPlaceHolder1' is clicked on

2018-09-03 15:47:12 - [MESSAGE][PASSED] - Object: 'Object Repository/Page_Admin Login/input_ctl00ContentPlaceHolder1' is clicked on

2018-09-03 15:47:12 - [TEST_STEP][PASSED] - click: Object: 'Object Repository/Page_Admin Login/input_ctl00ContentPlaceHolder1' is clicked on

2018-09-03 15:47:12 - [MESSAGE][PASSED] - Object: 'Object Repository/Page_Admin Login/input_ctl00ContentPlaceHolder1' is clicked on

2018-09-03 15:47:12 - [TEST_STEP][PASSED] - verifyElementText: Actual text and expected text of test object 'Object Repository/Page_Admin Login/span_Enter Username' are matched.

2018-09-03 15:47:12 - [MESSAGE][PASSED] - Actual text and expected text of test object 'Object Repository/Page_Admin Login/span_Enter Username' are matched.

2018-09-03 15:47:12 - [TEST_STEP][PASSED] - verifyElementText: Actual text and expected text of test object 'Object Repository/Page_Admin Login/span_Enter Password' are matched.

2018-09-03 15:47:12 - [MESSAGE][PASSED] - Actual text and expected text of test object 'Object Repository/Page_Admin Login/span_Enter Password' are matched.

2018-09-03 15:47:12 - [TEST_STEP][PASSED] - closeBrowser: Browser is closed

2018-09-03 15:47:12 - [MESSAGE][PASSED] - Browser is closed]]></system-out>
         <system-err><![CDATA[]]></system-err>
      </testcase>
      <testcase name="Test Cases/Admin_Login/TCA091004" classname="Test Cases/Admin_Login/TCA091004" status="PASSED">
         <system-out><![CDATA[2018-09-03 15:47:12 - [TEST_CASE][PASSED] - Test Cases/Admin_Login/TCA091004: Test Cases/Admin_Login/TCA091004

2018-09-03 15:47:13 - [TEST_STEP][PASSED] - openBrowser: Browser is opened with url: ''

2018-09-03 15:47:17 - [MESSAGE][PASSED] - Browser is opened with url: ''

2018-09-03 15:47:17 - [TEST_STEP][PASSED] - navigateToUrl: Navigate to 'http://192.168.10.150/eserviceCRProvider/AdminLogin.aspx' successfully

2018-09-03 15:47:17 - [MESSAGE][PASSED] - Navigate to 'http://192.168.10.150/eserviceCRProvider/AdminLogin.aspx' successfully

2018-09-03 15:47:17 - [TEST_STEP][PASSED] - setText: Text '' is set on object 'Object Repository/Page_Admin Login/input_ctl00ContentPlaceHolder1_1'

2018-09-03 15:47:17 - [MESSAGE][PASSED] - Text '' is set on object 'Object Repository/Page_Admin Login/input_ctl00ContentPlaceHolder1_1'

2018-09-03 15:47:17 - [TEST_STEP][PASSED] - setEncryptedText: Text ****** has been set on object 'Object Repository/Page_Admin Login/input_ctl00ContentPlaceHolder1_2'

2018-09-03 15:47:17 - [MESSAGE][PASSED] - Text ****** has been set on object 'Object Repository/Page_Admin Login/input_ctl00ContentPlaceHolder1_2'

2018-09-03 15:47:17 - [TEST_STEP][PASSED] - click: Object: 'Object Repository/Page_Admin Login/input_ctl00ContentPlaceHolder1' is clicked on

2018-09-03 15:47:18 - [MESSAGE][PASSED] - Object: 'Object Repository/Page_Admin Login/input_ctl00ContentPlaceHolder1' is clicked on

2018-09-03 15:47:18 - [TEST_STEP][PASSED] - click: Object: 'Object Repository/Page_Admin Login/input_ctl00ContentPlaceHolder1' is clicked on

2018-09-03 15:47:18 - [MESSAGE][PASSED] - Object: 'Object Repository/Page_Admin Login/input_ctl00ContentPlaceHolder1' is clicked on

2018-09-03 15:47:18 - [TEST_STEP][PASSED] - verifyElementText: Actual text and expected text of test object 'Object Repository/Page_Admin Login/span_Enter Username' are matched.

2018-09-03 15:47:18 - [MESSAGE][PASSED] - Actual text and expected text of test object 'Object Repository/Page_Admin Login/span_Enter Username' are matched.

2018-09-03 15:47:18 - [TEST_STEP][PASSED] - verifyElementText: Actual text and expected text of test object 'Object Repository/Page_Admin Login/span_Enter Password' are matched.

2018-09-03 15:47:18 - [MESSAGE][PASSED] - Actual text and expected text of test object 'Object Repository/Page_Admin Login/span_Enter Password' are matched.

2018-09-03 15:47:18 - [TEST_STEP][PASSED] - closeBrowser: Browser is closed

2018-09-03 15:47:18 - [MESSAGE][PASSED] - Browser is closed]]></system-out>
         <system-err><![CDATA[]]></system-err>
      </testcase>
      <testcase name="Test Cases/Admin_Login/TCA091005" classname="Test Cases/Admin_Login/TCA091005" status="PASSED">
         <system-out><![CDATA[2018-09-03 15:47:18 - [TEST_CASE][PASSED] - Test Cases/Admin_Login/TCA091005: Test Cases/Admin_Login/TCA091005

2018-09-03 15:47:18 - [TEST_STEP][PASSED] - openBrowser: Browser is opened with url: ''

2018-09-03 15:47:23 - [MESSAGE][PASSED] - Browser is opened with url: ''

2018-09-03 15:47:23 - [TEST_STEP][PASSED] - navigateToUrl: Navigate to 'http://192.168.10.150/eserviceCRProvider/AdminLogin.aspx' successfully

2018-09-03 15:47:23 - [MESSAGE][PASSED] - Navigate to 'http://192.168.10.150/eserviceCRProvider/AdminLogin.aspx' successfully

2018-09-03 15:47:23 - [TEST_STEP][PASSED] - setText: Text '' is set on object 'Object Repository/Page_Admin Login/input_ctl00ContentPlaceHolder1_1'

2018-09-03 15:47:24 - [MESSAGE][PASSED] - Text '' is set on object 'Object Repository/Page_Admin Login/input_ctl00ContentPlaceHolder1_1'

2018-09-03 15:47:24 - [TEST_STEP][PASSED] - setEncryptedText: Text ****** has been set on object 'Object Repository/Page_Admin Login/input_ctl00ContentPlaceHolder1_2'

2018-09-03 15:47:24 - [MESSAGE][PASSED] - Text ****** has been set on object 'Object Repository/Page_Admin Login/input_ctl00ContentPlaceHolder1_2'

2018-09-03 15:47:24 - [TEST_STEP][PASSED] - click: Object: 'Object Repository/Page_Admin Login/input_ctl00ContentPlaceHolder1' is clicked on

2018-09-03 15:47:24 - [MESSAGE][PASSED] - Object: 'Object Repository/Page_Admin Login/input_ctl00ContentPlaceHolder1' is clicked on

2018-09-03 15:47:24 - [TEST_STEP][PASSED] - click: Object: 'Object Repository/Page_Admin Login/input_ctl00ContentPlaceHolder1' is clicked on

2018-09-03 15:47:24 - [MESSAGE][PASSED] - Object: 'Object Repository/Page_Admin Login/input_ctl00ContentPlaceHolder1' is clicked on

2018-09-03 15:47:24 - [TEST_STEP][PASSED] - verifyElementText: Actual text and expected text of test object 'Object Repository/Page_Admin Login/span_Enter Username' are matched.

2018-09-03 15:47:24 - [MESSAGE][PASSED] - Actual text and expected text of test object 'Object Repository/Page_Admin Login/span_Enter Username' are matched.

2018-09-03 15:47:24 - [TEST_STEP][PASSED] - verifyElementText: Actual text and expected text of test object 'Object Repository/Page_Admin Login/span_Enter Password' are matched.

2018-09-03 15:47:24 - [MESSAGE][PASSED] - Actual text and expected text of test object 'Object Repository/Page_Admin Login/span_Enter Password' are matched.

2018-09-03 15:47:24 - [TEST_STEP][PASSED] - closeBrowser: Browser is closed

2018-09-03 15:47:24 - [MESSAGE][PASSED] - Browser is closed]]></system-out>
         <system-err><![CDATA[]]></system-err>
      </testcase>
      <testcase name="Test Cases/Admin_Login/TCA091006" classname="Test Cases/Admin_Login/TCA091006" status="PASSED">
         <system-out><![CDATA[2018-09-03 15:47:24 - [TEST_CASE][PASSED] - Test Cases/Admin_Login/TCA091006: Test Cases/Admin_Login/TCA091006

2018-09-03 15:47:25 - [TEST_STEP][PASSED] - openBrowser: Browser is opened with url: ''

2018-09-03 15:47:29 - [MESSAGE][PASSED] - Browser is opened with url: ''

2018-09-03 15:47:29 - [TEST_STEP][PASSED] - navigateToUrl: Navigate to 'http://192.168.10.150/eserviceCRProvider/AdminLogin.aspx' successfully

2018-09-03 15:47:30 - [MESSAGE][PASSED] - Navigate to 'http://192.168.10.150/eserviceCRProvider/AdminLogin.aspx' successfully

2018-09-03 15:47:30 - [TEST_STEP][PASSED] - setText: Text '' is set on object 'Object Repository/Page_Admin Login/input_ctl00ContentPlaceHolder1_1'

2018-09-03 15:47:30 - [MESSAGE][PASSED] - Text '' is set on object 'Object Repository/Page_Admin Login/input_ctl00ContentPlaceHolder1_1'

2018-09-03 15:47:30 - [TEST_STEP][PASSED] - setEncryptedText: Text ****** has been set on object 'Object Repository/Page_Admin Login/input_ctl00ContentPlaceHolder1_2'

2018-09-03 15:47:30 - [MESSAGE][PASSED] - Text ****** has been set on object 'Object Repository/Page_Admin Login/input_ctl00ContentPlaceHolder1_2'

2018-09-03 15:47:30 - [TEST_STEP][PASSED] - click: Object: 'Object Repository/Page_Admin Login/input_ctl00ContentPlaceHolder1' is clicked on

2018-09-03 15:47:30 - [MESSAGE][PASSED] - Object: 'Object Repository/Page_Admin Login/input_ctl00ContentPlaceHolder1' is clicked on

2018-09-03 15:47:30 - [TEST_STEP][PASSED] - click: Object: 'Object Repository/Page_Admin Login/input_ctl00ContentPlaceHolder1' is clicked on

2018-09-03 15:47:30 - [MESSAGE][PASSED] - Object: 'Object Repository/Page_Admin Login/input_ctl00ContentPlaceHolder1' is clicked on

2018-09-03 15:47:30 - [TEST_STEP][PASSED] - verifyElementText: Actual text and expected text of test object 'Object Repository/Page_Admin Login/span_Enter Username' are matched.

2018-09-03 15:47:30 - [MESSAGE][PASSED] - Actual text and expected text of test object 'Object Repository/Page_Admin Login/span_Enter Username' are matched.

2018-09-03 15:47:30 - [TEST_STEP][PASSED] - verifyElementText: Actual text and expected text of test object 'Object Repository/Page_Admin Login/span_Enter Password' are matched.

2018-09-03 15:47:30 - [MESSAGE][PASSED] - Actual text and expected text of test object 'Object Repository/Page_Admin Login/span_Enter Password' are matched.

2018-09-03 15:47:30 - [TEST_STEP][PASSED] - closeBrowser: Browser is closed

2018-09-03 15:47:30 - [MESSAGE][PASSED] - Browser is closed]]></system-out>
         <system-err><![CDATA[]]></system-err>
      </testcase>
      <testcase name="Test Cases/Admin_Login/TCA091007" classname="Test Cases/Admin_Login/TCA091007" status="PASSED">
         <system-out><![CDATA[2018-09-03 15:47:30 - [TEST_CASE][PASSED] - Test Cases/Admin_Login/TCA091007: Test Cases/Admin_Login/TCA091007

2018-09-03 15:47:31 - [TEST_STEP][PASSED] - openBrowser: Browser is opened with url: ''

2018-09-03 15:47:36 - [MESSAGE][PASSED] - Browser is opened with url: ''

2018-09-03 15:47:36 - [TEST_STEP][PASSED] - navigateToUrl: Navigate to 'http://192.168.10.150/eserviceCRProvider/AdminLogin.aspx' successfully

2018-09-03 15:47:36 - [MESSAGE][PASSED] - Navigate to 'http://192.168.10.150/eserviceCRProvider/AdminLogin.aspx' successfully

2018-09-03 15:47:36 - [TEST_STEP][PASSED] - setText: Text 'Admin' is set on object 'Object Repository/Page_Admin Login/input_ctl00ContentPlaceHolder1_1'

2018-09-03 15:47:36 - [MESSAGE][PASSED] - Text 'Admin' is set on object 'Object Repository/Page_Admin Login/input_ctl00ContentPlaceHolder1_1'

2018-09-03 15:47:36 - [TEST_STEP][PASSED] - setEncryptedText: Text ****** has been set on object 'Object Repository/Page_Admin Login/input_ctl00ContentPlaceHolder1_2'

2018-09-03 15:47:36 - [MESSAGE][PASSED] - Text ****** has been set on object 'Object Repository/Page_Admin Login/input_ctl00ContentPlaceHolder1_2'

2018-09-03 15:47:36 - [TEST_STEP][PASSED] - click: Object: 'Object Repository/Page_Admin Login/input_ctl00ContentPlaceHolder1' is clicked on

2018-09-03 15:47:39 - [MESSAGE][PASSED] - Object: 'Object Repository/Page_Admin Login/input_ctl00ContentPlaceHolder1' is clicked on

2018-09-03 15:47:39 - [TEST_STEP][PASSED] - verifyElementText: Actual text and expected text of test object 'Object Repository/Page_/span_SuperAdmin' are matched.

2018-09-03 15:47:39 - [MESSAGE][PASSED] - Actual text and expected text of test object 'Object Repository/Page_/span_SuperAdmin' are matched.

2018-09-03 15:47:39 - [TEST_STEP][PASSED] - closeBrowser: Browser is closed

2018-09-03 15:47:39 - [MESSAGE][PASSED] - Browser is closed]]></system-out>
         <system-err><![CDATA[]]></system-err>
      </testcase>
      <testcase name="Test Cases/Admin_Login/TCA091008" classname="Test Cases/Admin_Login/TCA091008" status="PASSED">
         <system-out><![CDATA[2018-09-03 15:47:39 - [TEST_CASE][PASSED] - Test Cases/Admin_Login/TCA091008: Test Cases/Admin_Login/TCA091008

2018-09-03 15:47:40 - [TEST_STEP][PASSED] - openBrowser: Browser is opened with url: ''

2018-09-03 15:47:44 - [MESSAGE][PASSED] - Browser is opened with url: ''

2018-09-03 15:47:44 - [TEST_STEP][PASSED] - navigateToUrl: Navigate to 'http://192.168.10.150/eserviceCRProvider/AdminLogin.aspx' successfully

2018-09-03 15:47:45 - [MESSAGE][PASSED] - Navigate to 'http://192.168.10.150/eserviceCRProvider/AdminLogin.aspx' successfully

2018-09-03 15:47:45 - [TEST_STEP][PASSED] - setText: Text 'Admin' is set on object 'Object Repository/Page_Admin Login/input_ctl00ContentPlaceHolder1_1'

2018-09-03 15:47:45 - [MESSAGE][PASSED] - Text 'Admin' is set on object 'Object Repository/Page_Admin Login/input_ctl00ContentPlaceHolder1_1'

2018-09-03 15:47:45 - [TEST_STEP][PASSED] - setEncryptedText: Text ****** has been set on object 'Object Repository/Page_Admin Login/input_ctl00ContentPlaceHolder1_2'

2018-09-03 15:47:45 - [MESSAGE][PASSED] - Text ****** has been set on object 'Object Repository/Page_Admin Login/input_ctl00ContentPlaceHolder1_2'

2018-09-03 15:47:45 - [TEST_STEP][PASSED] - click: Object: 'Object Repository/Page_Admin Login/input_ctl00ContentPlaceHolder1' is clicked on

2018-09-03 15:47:47 - [MESSAGE][PASSED] - Object: 'Object Repository/Page_Admin Login/input_ctl00ContentPlaceHolder1' is clicked on

2018-09-03 15:47:47 - [TEST_STEP][PASSED] - verifyElementText: Actual text and expected text of test object 'Object Repository/Page_/span_SuperAdmin' are matched.

2018-09-03 15:47:47 - [MESSAGE][PASSED] - Actual text and expected text of test object 'Object Repository/Page_/span_SuperAdmin' are matched.

2018-09-03 15:47:47 - [TEST_STEP][PASSED] - click: Object: 'Object Repository/Page_/input_ctl00imgbtnLogout' is clicked on

2018-09-03 15:47:48 - [MESSAGE][PASSED] - Object: 'Object Repository/Page_/input_ctl00imgbtnLogout' is clicked on

2018-09-03 15:47:48 - [TEST_STEP][PASSED] - verifyElementText: Actual text and expected text of test object 'Object Repository/Page_Admin Login/td_Admin Login' are matched.

2018-09-03 15:47:48 - [MESSAGE][PASSED] - Actual text and expected text of test object 'Object Repository/Page_Admin Login/td_Admin Login' are matched.

2018-09-03 15:47:48 - [TEST_STEP][PASSED] - closeBrowser: Browser is closed

2018-09-03 15:47:48 - [MESSAGE][PASSED] - Browser is closed]]></system-out>
         <system-err><![CDATA[]]></system-err>
      </testcase>
      <system-out><![CDATA[2018-09-03 15:46:52 - [TEST_SUITE][PASSED] - Admin_login: Test Cases/Admin_Login/TCA091008]]></system-out>
      <system-err><![CDATA[]]></system-err>
   </testsuite>
</testsuites>
