<?xml version="1.0" encoding="UTF-8"?>
<testsuites name="VAA0040-Admin_login" time="58" tests="8" failures="0" errors="0">
   <testsuite name="VAA0040-Admin_login" tests="8" failures="0" errors="0" time="58" timestamp="2018-09-07 12:47:03" hostname="Manoj-D - Manoj-D.vofox.com" id="Test Suites/VAA0040-Admin_login">
      <properties>
         <property name="deviceName" value=""/>
         <property name="devicePlatform" value=""/>
         <property name="logFolder" value="E:\\VofoxQA\\AssesmentApp_Katalon\\AssesmentApp\\Reports\\VAA0040-Admin_login\\20180907_124701"/>
         <property name="logFiles" value="E:\\VofoxQA\\AssesmentApp_Katalon\\AssesmentApp\\Reports\\VAA0040-Admin_login\\20180907_124701\\execution0.log"/>
         <property name="attachments" value=""/>
         <property name="hostName" value="Manoj-D - Manoj-D.vofox.com"/>
         <property name="os" value="Windows 10 64bit"/>
         <property name="katalonVersion" value="5.6.1.1"/>
         <property name="browser" value="Firefox 59.0"/>
         <property name="hostAddress" value="192.168.10.121"/>
         <property name="sessionId" value="cf14e68b-b8be-4314-b0dc-7f68bed37b9c"/>
         <property name="seleniumVersion" value="3.7.1"/>
         <property name="proxyInformation" value="ProxyInformation{proxyOption=NO_PROXY, proxyServerType=HTTP, password=, proxyServerAddress=, proxyServerPort=0}"/>
         <property name="platform" value="Windows 10"/>
      </properties>
      <testcase name="Test Cases/Admin_Login/TCA091001" classname="Test Cases/Admin_Login/TCA091001" status="PASSED">
         <system-out><![CDATA[2018-09-07 12:47:03 - [TEST_CASE][PASSED] - Test Cases/Admin_Login/TCA091001: Test Cases/Admin_Login/TCA091001

2018-09-07 12:47:04 - [TEST_STEP][PASSED] - openBrowser: Browser is opened with url: ''

2018-09-07 12:47:10 - [MESSAGE][PASSED] - Browser is opened with url: ''

2018-09-07 12:47:10 - [TEST_STEP][PASSED] - navigateToUrl: Navigate to 'http://192.168.10.150/eserviceCRProvider/AdminLogin.aspx' successfully

2018-09-07 12:47:11 - [MESSAGE][PASSED] - Navigate to 'http://192.168.10.150/eserviceCRProvider/AdminLogin.aspx' successfully

2018-09-07 12:47:11 - [TEST_STEP][PASSED] - setText: Text 'Admin' is set on object 'Object Repository/Page_Admin Login/input_ctl00ContentPlaceHolder1'

2018-09-07 12:47:11 - [MESSAGE][PASSED] - Text 'Admin' is set on object 'Object Repository/Page_Admin Login/input_ctl00ContentPlaceHolder1'

2018-09-07 12:47:11 - [TEST_STEP][PASSED] - setEncryptedText: Text ****** has been set on object 'Object Repository/Page_Admin Login/input_ctl00ContentPlaceHolder1_2'

2018-09-07 12:47:12 - [MESSAGE][PASSED] - Text ****** has been set on object 'Object Repository/Page_Admin Login/input_ctl00ContentPlaceHolder1_2'

2018-09-07 12:47:12 - [TEST_STEP][PASSED] - click: Object: 'Object Repository/Page_Admin Login/input_ctl00ContentPlaceHolderBTN' is clicked on

2018-09-07 12:47:13 - [MESSAGE][PASSED] - Object: 'Object Repository/Page_Admin Login/input_ctl00ContentPlaceHolderBTN' is clicked on

2018-09-07 12:47:13 - [TEST_STEP][PASSED] - closeBrowser: Browser is closed

2018-09-07 12:47:14 - [MESSAGE][PASSED] - Browser is closed]]></system-out>
         <system-err><![CDATA[]]></system-err>
      </testcase>
      <testcase name="Test Cases/Admin_Login/TCA091002" classname="Test Cases/Admin_Login/TCA091002" status="PASSED">
         <system-out><![CDATA[2018-09-07 12:47:14 - [TEST_CASE][PASSED] - Test Cases/Admin_Login/TCA091002: Test Cases/Admin_Login/TCA091002

2018-09-07 12:47:14 - [TEST_STEP][PASSED] - openBrowser: Browser is opened with url: ''

2018-09-07 12:47:18 - [MESSAGE][PASSED] - Browser is opened with url: ''

2018-09-07 12:47:18 - [TEST_STEP][PASSED] - navigateToUrl: Navigate to 'http://192.168.10.150/eserviceCRProvider/AdminLogin.aspx' successfully

2018-09-07 12:47:19 - [MESSAGE][PASSED] - Navigate to 'http://192.168.10.150/eserviceCRProvider/AdminLogin.aspx' successfully

2018-09-07 12:47:19 - [TEST_STEP][PASSED] - setText: Text '' is set on object 'Object Repository/Page_Admin Login/input_ctl00ContentPlaceHolder1'

2018-09-07 12:47:19 - [MESSAGE][PASSED] - Text '' is set on object 'Object Repository/Page_Admin Login/input_ctl00ContentPlaceHolder1'

2018-09-07 12:47:19 - [TEST_STEP][PASSED] - setEncryptedText: Text ****** has been set on object 'Object Repository/Page_Admin Login/input_ctl00ContentPlaceHolder1_2'

2018-09-07 12:47:19 - [MESSAGE][PASSED] - Text ****** has been set on object 'Object Repository/Page_Admin Login/input_ctl00ContentPlaceHolder1_2'

2018-09-07 12:47:19 - [TEST_STEP][PASSED] - click: Object: 'Object Repository/Page_Admin Login/input_ctl00ContentPlaceHolderBTN' is clicked on

2018-09-07 12:47:19 - [MESSAGE][PASSED] - Object: 'Object Repository/Page_Admin Login/input_ctl00ContentPlaceHolderBTN' is clicked on

2018-09-07 12:47:19 - [TEST_STEP][PASSED] - verifyElementText: Actual text and expected text of test object 'Object Repository/Page_Admin Login/span_Enter Username' are matched.

2018-09-07 12:47:19 - [MESSAGE][PASSED] - Actual text and expected text of test object 'Object Repository/Page_Admin Login/span_Enter Username' are matched.

2018-09-07 12:47:19 - [TEST_STEP][PASSED] - verifyElementText: Actual text and expected text of test object 'Object Repository/Page_Admin Login/span_Enter Password' are matched.

2018-09-07 12:47:19 - [MESSAGE][PASSED] - Actual text and expected text of test object 'Object Repository/Page_Admin Login/span_Enter Password' are matched.

2018-09-07 12:47:19 - [TEST_STEP][PASSED] - closeBrowser: Browser is closed

2018-09-07 12:47:20 - [MESSAGE][PASSED] - Browser is closed]]></system-out>
         <system-err><![CDATA[]]></system-err>
      </testcase>
      <testcase name="Test Cases/Admin_Login/TCA091003" classname="Test Cases/Admin_Login/TCA091003" status="PASSED">
         <system-out><![CDATA[2018-09-07 12:47:20 - [TEST_CASE][PASSED] - Test Cases/Admin_Login/TCA091003: Test Cases/Admin_Login/TCA091003

2018-09-07 12:47:20 - [TEST_STEP][PASSED] - openBrowser: Browser is opened with url: ''

2018-09-07 12:47:24 - [MESSAGE][PASSED] - Browser is opened with url: ''

2018-09-07 12:47:24 - [TEST_STEP][PASSED] - navigateToUrl: Navigate to 'http://192.168.10.150/eserviceCRProvider/AdminLogin.aspx' successfully

2018-09-07 12:47:25 - [MESSAGE][PASSED] - Navigate to 'http://192.168.10.150/eserviceCRProvider/AdminLogin.aspx' successfully

2018-09-07 12:47:25 - [TEST_STEP][PASSED] - setText: Text '' is set on object 'Object Repository/Page_Admin Login/input_ctl00ContentPlaceHolder1'

2018-09-07 12:47:25 - [MESSAGE][PASSED] - Text '' is set on object 'Object Repository/Page_Admin Login/input_ctl00ContentPlaceHolder1'

2018-09-07 12:47:25 - [TEST_STEP][PASSED] - setEncryptedText: Text ****** has been set on object 'Object Repository/Page_Admin Login/input_ctl00ContentPlaceHolder1_2'

2018-09-07 12:47:25 - [MESSAGE][PASSED] - Text ****** has been set on object 'Object Repository/Page_Admin Login/input_ctl00ContentPlaceHolder1_2'

2018-09-07 12:47:25 - [TEST_STEP][PASSED] - click: Object: 'Object Repository/Page_Admin Login/input_ctl00ContentPlaceHolderBTN' is clicked on

2018-09-07 12:47:25 - [MESSAGE][PASSED] - Object: 'Object Repository/Page_Admin Login/input_ctl00ContentPlaceHolderBTN' is clicked on

2018-09-07 12:47:25 - [TEST_STEP][PASSED] - verifyElementText: Actual text and expected text of test object 'Object Repository/Page_Admin Login/span_Enter Username' are matched.

2018-09-07 12:47:25 - [MESSAGE][PASSED] - Actual text and expected text of test object 'Object Repository/Page_Admin Login/span_Enter Username' are matched.

2018-09-07 12:47:25 - [TEST_STEP][PASSED] - verifyElementText: Actual text and expected text of test object 'Object Repository/Page_Admin Login/span_Enter Password' are matched.

2018-09-07 12:47:25 - [MESSAGE][PASSED] - Actual text and expected text of test object 'Object Repository/Page_Admin Login/span_Enter Password' are matched.

2018-09-07 12:47:25 - [TEST_STEP][PASSED] - closeBrowser: Browser is closed

2018-09-07 12:47:26 - [MESSAGE][PASSED] - Browser is closed]]></system-out>
         <system-err><![CDATA[]]></system-err>
      </testcase>
      <testcase name="Test Cases/Admin_Login/TCA091004" classname="Test Cases/Admin_Login/TCA091004" status="PASSED">
         <system-out><![CDATA[2018-09-07 12:47:26 - [TEST_CASE][PASSED] - Test Cases/Admin_Login/TCA091004: Test Cases/Admin_Login/TCA091004

2018-09-07 12:47:26 - [TEST_STEP][PASSED] - openBrowser: Browser is opened with url: ''

2018-09-07 12:47:31 - [MESSAGE][PASSED] - Browser is opened with url: ''

2018-09-07 12:47:31 - [TEST_STEP][PASSED] - navigateToUrl: Navigate to 'http://192.168.10.150/eserviceCRProvider/AdminLogin.aspx' successfully

2018-09-07 12:47:31 - [MESSAGE][PASSED] - Navigate to 'http://192.168.10.150/eserviceCRProvider/AdminLogin.aspx' successfully

2018-09-07 12:47:31 - [TEST_STEP][PASSED] - setText: Text '' is set on object 'Object Repository/Page_Admin Login/input_ctl00ContentPlaceHolder1'

2018-09-07 12:47:31 - [MESSAGE][PASSED] - Text '' is set on object 'Object Repository/Page_Admin Login/input_ctl00ContentPlaceHolder1'

2018-09-07 12:47:31 - [TEST_STEP][PASSED] - setEncryptedText: Text ****** has been set on object 'Object Repository/Page_Admin Login/input_ctl00ContentPlaceHolder1_2'

2018-09-07 12:47:31 - [MESSAGE][PASSED] - Text ****** has been set on object 'Object Repository/Page_Admin Login/input_ctl00ContentPlaceHolder1_2'

2018-09-07 12:47:31 - [TEST_STEP][PASSED] - click: Object: 'Object Repository/Page_Admin Login/input_ctl00ContentPlaceHolderBTN' is clicked on

2018-09-07 12:47:31 - [MESSAGE][PASSED] - Object: 'Object Repository/Page_Admin Login/input_ctl00ContentPlaceHolderBTN' is clicked on

2018-09-07 12:47:31 - [TEST_STEP][PASSED] - verifyElementText: Actual text and expected text of test object 'Object Repository/Page_Admin Login/span_Enter Username' are matched.

2018-09-07 12:47:31 - [MESSAGE][PASSED] - Actual text and expected text of test object 'Object Repository/Page_Admin Login/span_Enter Username' are matched.

2018-09-07 12:47:31 - [TEST_STEP][PASSED] - verifyElementText: Actual text and expected text of test object 'Object Repository/Page_Admin Login/span_Enter Password' are matched.

2018-09-07 12:47:31 - [MESSAGE][PASSED] - Actual text and expected text of test object 'Object Repository/Page_Admin Login/span_Enter Password' are matched.

2018-09-07 12:47:31 - [TEST_STEP][PASSED] - closeBrowser: Browser is closed

2018-09-07 12:47:32 - [MESSAGE][PASSED] - Browser is closed]]></system-out>
         <system-err><![CDATA[]]></system-err>
      </testcase>
      <testcase name="Test Cases/Admin_Login/TCA091005" classname="Test Cases/Admin_Login/TCA091005" status="PASSED">
         <system-out><![CDATA[2018-09-07 12:47:32 - [TEST_CASE][PASSED] - Test Cases/Admin_Login/TCA091005: Test Cases/Admin_Login/TCA091005

2018-09-07 12:47:32 - [TEST_STEP][PASSED] - openBrowser: Browser is opened with url: ''

2018-09-07 12:47:37 - [MESSAGE][PASSED] - Browser is opened with url: ''

2018-09-07 12:47:37 - [TEST_STEP][PASSED] - navigateToUrl: Navigate to 'http://192.168.10.150/eserviceCRProvider/AdminLogin.aspx' successfully

2018-09-07 12:47:37 - [MESSAGE][PASSED] - Navigate to 'http://192.168.10.150/eserviceCRProvider/AdminLogin.aspx' successfully

2018-09-07 12:47:37 - [TEST_STEP][PASSED] - setText: Text '' is set on object 'Object Repository/Page_Admin Login/input_ctl00ContentPlaceHolder1'

2018-09-07 12:47:37 - [MESSAGE][PASSED] - Text '' is set on object 'Object Repository/Page_Admin Login/input_ctl00ContentPlaceHolder1'

2018-09-07 12:47:37 - [TEST_STEP][PASSED] - setEncryptedText: Text ****** has been set on object 'Object Repository/Page_Admin Login/input_ctl00ContentPlaceHolder1_2'

2018-09-07 12:47:37 - [MESSAGE][PASSED] - Text ****** has been set on object 'Object Repository/Page_Admin Login/input_ctl00ContentPlaceHolder1_2'

2018-09-07 12:47:37 - [TEST_STEP][PASSED] - click: Object: 'Object Repository/Page_Admin Login/input_ctl00ContentPlaceHolderBTN' is clicked on

2018-09-07 12:47:38 - [MESSAGE][PASSED] - Object: 'Object Repository/Page_Admin Login/input_ctl00ContentPlaceHolderBTN' is clicked on

2018-09-07 12:47:38 - [TEST_STEP][PASSED] - verifyElementText: Actual text and expected text of test object 'Object Repository/Page_Admin Login/span_Enter Username' are matched.

2018-09-07 12:47:38 - [MESSAGE][PASSED] - Actual text and expected text of test object 'Object Repository/Page_Admin Login/span_Enter Username' are matched.

2018-09-07 12:47:38 - [TEST_STEP][PASSED] - verifyElementText: Actual text and expected text of test object 'Object Repository/Page_Admin Login/span_Enter Password' are matched.

2018-09-07 12:47:38 - [MESSAGE][PASSED] - Actual text and expected text of test object 'Object Repository/Page_Admin Login/span_Enter Password' are matched.

2018-09-07 12:47:38 - [TEST_STEP][PASSED] - closeBrowser: Browser is closed

2018-09-07 12:47:38 - [MESSAGE][PASSED] - Browser is closed]]></system-out>
         <system-err><![CDATA[]]></system-err>
      </testcase>
      <testcase name="Test Cases/Admin_Login/TCA091006" classname="Test Cases/Admin_Login/TCA091006" status="PASSED">
         <system-out><![CDATA[2018-09-07 12:47:38 - [TEST_CASE][PASSED] - Test Cases/Admin_Login/TCA091006: Test Cases/Admin_Login/TCA091006

2018-09-07 12:47:38 - [TEST_STEP][PASSED] - openBrowser: Browser is opened with url: ''

2018-09-07 12:47:43 - [MESSAGE][PASSED] - Browser is opened with url: ''

2018-09-07 12:47:43 - [TEST_STEP][PASSED] - navigateToUrl: Navigate to 'http://192.168.10.150/eserviceCRProvider/AdminLogin.aspx' successfully

2018-09-07 12:47:44 - [MESSAGE][PASSED] - Navigate to 'http://192.168.10.150/eserviceCRProvider/AdminLogin.aspx' successfully

2018-09-07 12:47:44 - [TEST_STEP][PASSED] - setText: Text '' is set on object 'Object Repository/Page_Admin Login/input_ctl00ContentPlaceHolder1'

2018-09-07 12:47:44 - [MESSAGE][PASSED] - Text '' is set on object 'Object Repository/Page_Admin Login/input_ctl00ContentPlaceHolder1'

2018-09-07 12:47:44 - [TEST_STEP][PASSED] - setEncryptedText: Text ****** has been set on object 'Object Repository/Page_Admin Login/input_ctl00ContentPlaceHolder1_2'

2018-09-07 12:47:44 - [MESSAGE][PASSED] - Text ****** has been set on object 'Object Repository/Page_Admin Login/input_ctl00ContentPlaceHolder1_2'

2018-09-07 12:47:44 - [TEST_STEP][PASSED] - click: Object: 'Object Repository/Page_Admin Login/input_ctl00ContentPlaceHolderBTN' is clicked on

2018-09-07 12:47:44 - [MESSAGE][PASSED] - Object: 'Object Repository/Page_Admin Login/input_ctl00ContentPlaceHolderBTN' is clicked on

2018-09-07 12:47:44 - [TEST_STEP][PASSED] - verifyElementText: Actual text and expected text of test object 'Object Repository/Page_Admin Login/span_Enter Username' are matched.

2018-09-07 12:47:44 - [MESSAGE][PASSED] - Actual text and expected text of test object 'Object Repository/Page_Admin Login/span_Enter Username' are matched.

2018-09-07 12:47:44 - [TEST_STEP][PASSED] - verifyElementText: Actual text and expected text of test object 'Object Repository/Page_Admin Login/span_Enter Password' are matched.

2018-09-07 12:47:44 - [MESSAGE][PASSED] - Actual text and expected text of test object 'Object Repository/Page_Admin Login/span_Enter Password' are matched.

2018-09-07 12:47:44 - [TEST_STEP][PASSED] - closeBrowser: Browser is closed

2018-09-07 12:47:44 - [MESSAGE][PASSED] - Browser is closed]]></system-out>
         <system-err><![CDATA[]]></system-err>
      </testcase>
      <testcase name="Test Cases/Admin_Login/TCA091007" classname="Test Cases/Admin_Login/TCA091007" status="PASSED">
         <system-out><![CDATA[2018-09-07 12:47:44 - [TEST_CASE][PASSED] - Test Cases/Admin_Login/TCA091007: Test Cases/Admin_Login/TCA091007

2018-09-07 12:47:45 - [TEST_STEP][PASSED] - openBrowser: Browser is opened with url: ''

2018-09-07 12:47:49 - [MESSAGE][PASSED] - Browser is opened with url: ''

2018-09-07 12:47:49 - [TEST_STEP][PASSED] - navigateToUrl: Navigate to 'http://192.168.10.150/eserviceCRProvider/AdminLogin.aspx' successfully

2018-09-07 12:47:50 - [MESSAGE][PASSED] - Navigate to 'http://192.168.10.150/eserviceCRProvider/AdminLogin.aspx' successfully

2018-09-07 12:47:50 - [TEST_STEP][PASSED] - setText: Text 'Admin' is set on object 'Object Repository/Page_Admin Login/input_ctl00ContentPlaceHolder1'

2018-09-07 12:47:50 - [MESSAGE][PASSED] - Text 'Admin' is set on object 'Object Repository/Page_Admin Login/input_ctl00ContentPlaceHolder1'

2018-09-07 12:47:50 - [TEST_STEP][PASSED] - setEncryptedText: Text ****** has been set on object 'Object Repository/Page_Admin Login/input_ctl00ContentPlaceHolder1_2'

2018-09-07 12:47:50 - [MESSAGE][PASSED] - Text ****** has been set on object 'Object Repository/Page_Admin Login/input_ctl00ContentPlaceHolder1_2'

2018-09-07 12:47:50 - [TEST_STEP][PASSED] - click: Object: 'Object Repository/Page_Admin Login/input_ctl00ContentPlaceHolderBTN' is clicked on

2018-09-07 12:47:52 - [MESSAGE][PASSED] - Object: 'Object Repository/Page_Admin Login/input_ctl00ContentPlaceHolderBTN' is clicked on

2018-09-07 12:47:52 - [TEST_STEP][PASSED] - verifyElementText: Actual text and expected text of test object 'Object Repository/Page_/span_SuperAdmin' are matched.

2018-09-07 12:47:52 - [MESSAGE][PASSED] - Actual text and expected text of test object 'Object Repository/Page_/span_SuperAdmin' are matched.

2018-09-07 12:47:52 - [TEST_STEP][PASSED] - closeBrowser: Browser is closed

2018-09-07 12:47:53 - [MESSAGE][PASSED] - Browser is closed]]></system-out>
         <system-err><![CDATA[]]></system-err>
      </testcase>
      <testcase name="Test Cases/Admin_Login/TCA091008" classname="Test Cases/Admin_Login/TCA091008" status="PASSED">
         <system-out><![CDATA[2018-09-07 12:47:53 - [TEST_CASE][PASSED] - Test Cases/Admin_Login/TCA091008: Test Cases/Admin_Login/TCA091008

2018-09-07 12:47:53 - [TEST_STEP][PASSED] - openBrowser: Browser is opened with url: ''

2018-09-07 12:47:58 - [MESSAGE][PASSED] - Browser is opened with url: ''

2018-09-07 12:47:58 - [TEST_STEP][PASSED] - navigateToUrl: Navigate to 'http://192.168.10.150/eserviceCRProvider/AdminLogin.aspx' successfully

2018-09-07 12:47:58 - [MESSAGE][PASSED] - Navigate to 'http://192.168.10.150/eserviceCRProvider/AdminLogin.aspx' successfully

2018-09-07 12:47:58 - [TEST_STEP][PASSED] - setText: Text 'Admin' is set on object 'Object Repository/Page_Admin Login/input_ctl00ContentPlaceHolder1'

2018-09-07 12:47:58 - [MESSAGE][PASSED] - Text 'Admin' is set on object 'Object Repository/Page_Admin Login/input_ctl00ContentPlaceHolder1'

2018-09-07 12:47:58 - [TEST_STEP][PASSED] - setEncryptedText: Text ****** has been set on object 'Object Repository/Page_Admin Login/input_ctl00ContentPlaceHolder1_2'

2018-09-07 12:47:58 - [MESSAGE][PASSED] - Text ****** has been set on object 'Object Repository/Page_Admin Login/input_ctl00ContentPlaceHolder1_2'

2018-09-07 12:47:58 - [TEST_STEP][PASSED] - click: Object: 'Object Repository/Page_Admin Login/input_ctl00ContentPlaceHolderBTN' is clicked on

2018-09-07 12:48:01 - [MESSAGE][PASSED] - Object: 'Object Repository/Page_Admin Login/input_ctl00ContentPlaceHolderBTN' is clicked on

2018-09-07 12:48:01 - [TEST_STEP][PASSED] - verifyElementText: Actual text and expected text of test object 'Object Repository/Page_/span_SuperAdmin' are matched.

2018-09-07 12:48:01 - [MESSAGE][PASSED] - Actual text and expected text of test object 'Object Repository/Page_/span_SuperAdmin' are matched.

2018-09-07 12:48:01 - [TEST_STEP][PASSED] - click: Object: 'Object Repository/Page_/input_ctl00imgbtnLogout' is clicked on

2018-09-07 12:48:01 - [MESSAGE][PASSED] - Object: 'Object Repository/Page_/input_ctl00imgbtnLogout' is clicked on

2018-09-07 12:48:01 - [TEST_STEP][PASSED] - verifyElementText: Actual text and expected text of test object 'Object Repository/Page_Admin Login/td_Admin Login' are matched.

2018-09-07 12:48:01 - [MESSAGE][PASSED] - Actual text and expected text of test object 'Object Repository/Page_Admin Login/td_Admin Login' are matched.

2018-09-07 12:48:01 - [TEST_STEP][PASSED] - closeBrowser: Browser is closed

2018-09-07 12:48:01 - [MESSAGE][PASSED] - Browser is closed]]></system-out>
         <system-err><![CDATA[]]></system-err>
      </testcase>
      <system-out><![CDATA[2018-09-07 12:47:03 - [TEST_SUITE][PASSED] - VAA0040-Admin_login: Test Cases/Admin_Login/TCA091008]]></system-out>
      <system-err><![CDATA[]]></system-err>
   </testsuite>
</testsuites>
