<?xml version="1.0" encoding="UTF-8"?>
<testsuites name="VAA0045-Manage HR Department" time="12" tests="1" failures="2" errors="0">
   <testsuite name="VAA0045-Manage HR Department" tests="1" failures="2" errors="0" time="12" timestamp="2018-09-05 15:28:55" hostname="Manoj-D - Manoj-D.vofox.com" id="Test Suites/VAA0045-Manage HR Department">
      <properties>
         <property name="deviceName" value=""/>
         <property name="devicePlatform" value=""/>
         <property name="logFolder" value="E:\\VofoxQA\\AssesmentApp_Katalon\\AssesmentApp\\Reports\\VAA0045-Manage HR Department\\20180905_152853"/>
         <property name="logFiles" value="E:\\VofoxQA\\AssesmentApp_Katalon\\AssesmentApp\\Reports\\VAA0045-Manage HR Department\\20180905_152853\\execution0.log"/>
         <property name="attachments" value=""/>
         <property name="hostName" value="Manoj-D - Manoj-D.vofox.com"/>
         <property name="os" value="Windows 10 64bit"/>
         <property name="katalonVersion" value="5.6.1.1"/>
         <property name="browser" value="Firefox 59.0"/>
         <property name="hostAddress" value="192.168.10.121"/>
         <property name="sessionId" value="e282f36c-5ff2-458e-9629-339934bc880f"/>
         <property name="seleniumVersion" value="3.7.1"/>
         <property name="proxyInformation" value="ProxyInformation{proxyOption=NO_PROXY, proxyServerType=HTTP, password=, proxyServerAddress=, proxyServerPort=0}"/>
         <property name="platform" value="Windows 10"/>
      </properties>
      <testcase name="Test Cases/Manage HR Department/TCA097001" classname="Test Cases/Manage HR Department/TCA097001" status="PASSED">
         <system-out><![CDATA[2018-09-05 15:28:55 - [TEST_CASE][PASSED] - Test Cases/Manage HR Department/TCA097001: Test Cases/Manage HR Department/TCA097001

2018-09-05 15:28:56 - [TEST_STEP][PASSED] - openBrowser: Browser is opened with url: ''

2018-09-05 15:29:02 - [MESSAGE][PASSED] - Browser is opened with url: ''

2018-09-05 15:29:02 - [TEST_STEP][PASSED] - navigateToUrl: Navigate to 'http://192.168.10.150/eserviceCRProvider/AdminLogin.aspx' successfully

2018-09-05 15:29:02 - [MESSAGE][PASSED] - Navigate to 'http://192.168.10.150/eserviceCRProvider/AdminLogin.aspx' successfully

2018-09-05 15:29:02 - [TEST_STEP][PASSED] - setText: Text 'Admin' is set on object 'Object Repository/Page_Admin Login/input_ctl00ContentPlaceHolder1_1'

2018-09-05 15:29:02 - [MESSAGE][PASSED] - Text 'Admin' is set on object 'Object Repository/Page_Admin Login/input_ctl00ContentPlaceHolder1_1'

2018-09-05 15:29:02 - [TEST_STEP][PASSED] - setEncryptedText: Text ****** has been set on object 'Object Repository/Page_Admin Login/input_ctl00ContentPlaceHolder1_2'

2018-09-05 15:29:03 - [MESSAGE][PASSED] - Text ****** has been set on object 'Object Repository/Page_Admin Login/input_ctl00ContentPlaceHolder1_2'

2018-09-05 15:29:03 - [TEST_STEP][PASSED] - click: Object: 'Object Repository/Page_Admin Login/input_ctl00ContentPlaceHolderBTN' is clicked on

2018-09-05 15:29:03 - [MESSAGE][PASSED] - Object: 'Object Repository/Page_Admin Login/input_ctl00ContentPlaceHolderBTN' is clicked on]]></system-out>
         <system-err><![CDATA[]]></system-err>
      </testcase>
      <testcase name="Test Cases/Manage HR Department/TCA097002" classname="Test Cases/Manage HR Department/TCA097002" status="FAILED">
         <failure type="FAILED" message="Unable to click on object 'Object Repository/Page_/a_ Manage HR Department' (Root cause: org.openqa.selenium.WebDriverException: Failed to decode response from marionette
Build info: version: '3.7.1', revision: '8a0099a', time: '2017-11-06T21:07:36.161Z'
System info: host: 'MANOJ-D', ip: '192.168.10.121', os.name: 'Windows 10', os.arch: 'amd64', os.version: '10.0', java.version: '1.8.0_181'
Driver info: com.kms.katalon.core.webui.driver.firefox.CGeckoDriver
Capabilities {acceptInsecureCerts: true, browserName: firefox, browserVersion: 59.0.2, javascriptEnabled: true, moz:accessibilityChecks: false, moz:headless: false, moz:processID: 5188, moz:profile: C:\Users\Manoj-D\AppData\Lo..., moz:useNonSpecCompliantPointerOrigin: false, moz:webdriverClick: true, pageLoadStrategy: normal, platform: XP, platformName: XP, platformVersion: 10.0, proxy: Proxy(direct), rotatable: false, timeouts: {implicit: 0, pageLoad: 300000, script: 30000}}
Session ID: e282f36c-5ff2-458e-9629-339934bc880f
*** Element info: {Using=xpath, value=//a[@href = 'ManageHRDepartment.aspx' and (text() = '  Manage HR Department' or . = '  Manage HR Department')]})"/>
         <system-out><![CDATA[2018-09-05 15:29:03 - [TEST_CASE][FAILED] - Test Cases/Manage HR Department/TCA097002: Test Cases/Manage HR Department/TCA097002 FAILED because (of) Unable to click on object 'Object Repository/Page_/a_ Manage HR Department' (Root cause: org.openqa.selenium.WebDriverException: Failed to decode response from marionette
Build info: version: '3.7.1', revision: '8a0099a', time: '2017-11-06T21:07:36.161Z'
System info: host: 'MANOJ-D', ip: '192.168.10.121', os.name: 'Windows 10', os.arch: 'amd64', os.version: '10.0', java.version: '1.8.0_181'
Driver info: com.kms.katalon.core.webui.driver.firefox.CGeckoDriver
Capabilities {acceptInsecureCerts: true, browserName: firefox, browserVersion: 59.0.2, javascriptEnabled: true, moz:accessibilityChecks: false, moz:headless: false, moz:processID: 5188, moz:profile: C:\Users\Manoj-D\AppData\Lo..., moz:useNonSpecCompliantPointerOrigin: false, moz:webdriverClick: true, pageLoadStrategy: normal, platform: XP, platformName: XP, platformVersion: 10.0, proxy: Proxy(direct), rotatable: false, timeouts: {implicit: 0, pageLoad: 300000, script: 30000}}
Session ID: e282f36c-5ff2-458e-9629-339934bc880f
*** Element info: {Using=xpath, value=//a[@href = 'ManageHRDepartment.aspx' and (text() = '  Manage HR Department' or . = '  Manage HR Department')]})

2018-09-05 15:29:03 - [TEST_STEP][FAILED] - click: Unable to click on object 'Object Repository/Page_/a_ Manage HR Department' (Root cause: org.openqa.selenium.WebDriverException: Failed to decode response from marionette
Build info: version: '3.7.1', revision: '8a0099a', time: '2017-11-06T21:07:36.161Z'
System info: host: 'MANOJ-D', ip: '192.168.10.121', os.name: 'Windows 10', os.arch: 'amd64', os.version: '10.0', java.version: '1.8.0_181'
Driver info: com.kms.katalon.core.webui.driver.firefox.CGeckoDriver
Capabilities {acceptInsecureCerts: true, browserName: firefox, browserVersion: 59.0.2, javascriptEnabled: true, moz:accessibilityChecks: false, moz:headless: false, moz:processID: 5188, moz:profile: C:\Users\Manoj-D\AppData\Lo..., moz:useNonSpecCompliantPointerOrigin: false, moz:webdriverClick: true, pageLoadStrategy: normal, platform: XP, platformName: XP, platformVersion: 10.0, proxy: Proxy(direct), rotatable: false, timeouts: {implicit: 0, pageLoad: 300000, script: 30000}}
Session ID: e282f36c-5ff2-458e-9629-339934bc880f
*** Element info: {Using=xpath, value=//a[@href = 'ManageHRDepartment.aspx' and (text() = '  Manage HR Department' or . = '  Manage HR Department')]})

2018-09-05 15:29:08 - [MESSAGE][WARNING] - Cannot take screenshot

2018-09-05 15:29:08 - [MESSAGE][FAILED] - Unable to click on object 'Object Repository/Page_/a_ Manage HR Department' (Root cause: org.openqa.selenium.WebDriverException: Failed to decode response from marionette
Build info: version: '3.7.1', revision: '8a0099a', time: '2017-11-06T21:07:36.161Z'
System info: host: 'MANOJ-D', ip: '192.168.10.121', os.name: 'Windows 10', os.arch: 'amd64', os.version: '10.0', java.version: '1.8.0_181'
Driver info: com.kms.katalon.core.webui.driver.firefox.CGeckoDriver
Capabilities {acceptInsecureCerts: true, browserName: firefox, browserVersion: 59.0.2, javascriptEnabled: true, moz:accessibilityChecks: false, moz:headless: false, moz:processID: 5188, moz:profile: C:\Users\Manoj-D\AppData\Lo..., moz:useNonSpecCompliantPointerOrigin: false, moz:webdriverClick: true, pageLoadStrategy: normal, platform: XP, platformName: XP, platformVersion: 10.0, proxy: Proxy(direct), rotatable: false, timeouts: {implicit: 0, pageLoad: 300000, script: 30000}}
Session ID: e282f36c-5ff2-458e-9629-339934bc880f
*** Element info: {Using=xpath, value=//a[@href = 'ManageHRDepartment.aspx' and (text() = '  Manage HR Department' or . = '  Manage HR Department')]})]]></system-out>
         <system-err><![CDATA[2018-09-05 15:29:03 - [TEST_CASE][FAILED] - Test Cases/Manage HR Department/TCA097002: Test Cases/Manage HR Department/TCA097002 FAILED because (of) Unable to click on object 'Object Repository/Page_/a_ Manage HR Department' (Root cause: org.openqa.selenium.WebDriverException: Failed to decode response from marionette
Build info: version: '3.7.1', revision: '8a0099a', time: '2017-11-06T21:07:36.161Z'
System info: host: 'MANOJ-D', ip: '192.168.10.121', os.name: 'Windows 10', os.arch: 'amd64', os.version: '10.0', java.version: '1.8.0_181'
Driver info: com.kms.katalon.core.webui.driver.firefox.CGeckoDriver
Capabilities {acceptInsecureCerts: true, browserName: firefox, browserVersion: 59.0.2, javascriptEnabled: true, moz:accessibilityChecks: false, moz:headless: false, moz:processID: 5188, moz:profile: C:\Users\Manoj-D\AppData\Lo..., moz:useNonSpecCompliantPointerOrigin: false, moz:webdriverClick: true, pageLoadStrategy: normal, platform: XP, platformName: XP, platformVersion: 10.0, proxy: Proxy(direct), rotatable: false, timeouts: {implicit: 0, pageLoad: 300000, script: 30000}}
Session ID: e282f36c-5ff2-458e-9629-339934bc880f
*** Element info: {Using=xpath, value=//a[@href = 'ManageHRDepartment.aspx' and (text() = '  Manage HR Department' or . = '  Manage HR Department')]})]]></system-err>
      </testcase>
      <testcase name="Test Cases/Manage HR Department/TCA097003" classname="Test Cases/Manage HR Department/TCA097003" status="FAILED">
         <failure type="FAILED" message="Unable to click on object 'Object Repository/Page_/input_ctl00imgbtnLogout' (Root cause: org.openqa.selenium.SessionNotCreatedException: Tried to run command without establishing a connection
Build info: version: '3.7.1', revision: '8a0099a', time: '2017-11-06T21:07:36.161Z'
System info: host: 'MANOJ-D', ip: '192.168.10.121', os.name: 'Windows 10', os.arch: 'amd64', os.version: '10.0', java.version: '1.8.0_181'
Driver info: com.kms.katalon.core.webui.driver.firefox.CGeckoDriver
Capabilities {acceptInsecureCerts: true, browserName: firefox, browserVersion: 59.0.2, javascriptEnabled: true, moz:accessibilityChecks: false, moz:headless: false, moz:processID: 5188, moz:profile: C:\Users\Manoj-D\AppData\Lo..., moz:useNonSpecCompliantPointerOrigin: false, moz:webdriverClick: true, pageLoadStrategy: normal, platform: XP, platformName: XP, platformVersion: 10.0, proxy: Proxy(direct), rotatable: false, timeouts: {implicit: 0, pageLoad: 300000, script: 30000}}
Session ID: e282f36c-5ff2-458e-9629-339934bc880f
*** Element info: {Using=xpath, value=//input[@type = 'image' and @name = 'ctl00$imgbtnLogout' and @id = 'ctl00_imgbtnLogout' and @src = 'Images/logout_img.jpg']})"/>
         <system-out><![CDATA[2018-09-05 15:29:08 - [TEST_CASE][FAILED] - Test Cases/Manage HR Department/TCA097003: Test Cases/Manage HR Department/TCA097003 FAILED because (of) Unable to click on object 'Object Repository/Page_/input_ctl00imgbtnLogout' (Root cause: org.openqa.selenium.SessionNotCreatedException: Tried to run command without establishing a connection
Build info: version: '3.7.1', revision: '8a0099a', time: '2017-11-06T21:07:36.161Z'
System info: host: 'MANOJ-D', ip: '192.168.10.121', os.name: 'Windows 10', os.arch: 'amd64', os.version: '10.0', java.version: '1.8.0_181'
Driver info: com.kms.katalon.core.webui.driver.firefox.CGeckoDriver
Capabilities {acceptInsecureCerts: true, browserName: firefox, browserVersion: 59.0.2, javascriptEnabled: true, moz:accessibilityChecks: false, moz:headless: false, moz:processID: 5188, moz:profile: C:\Users\Manoj-D\AppData\Lo..., moz:useNonSpecCompliantPointerOrigin: false, moz:webdriverClick: true, pageLoadStrategy: normal, platform: XP, platformName: XP, platformVersion: 10.0, proxy: Proxy(direct), rotatable: false, timeouts: {implicit: 0, pageLoad: 300000, script: 30000}}
Session ID: e282f36c-5ff2-458e-9629-339934bc880f
*** Element info: {Using=xpath, value=//input[@type = 'image' and @name = 'ctl00$imgbtnLogout' and @id = 'ctl00_imgbtnLogout' and @src = 'Images/logout_img.jpg']})

2018-09-05 15:29:08 - [TEST_STEP][FAILED] - click: Unable to click on object 'Object Repository/Page_/input_ctl00imgbtnLogout' (Root cause: org.openqa.selenium.SessionNotCreatedException: Tried to run command without establishing a connection
Build info: version: '3.7.1', revision: '8a0099a', time: '2017-11-06T21:07:36.161Z'
System info: host: 'MANOJ-D', ip: '192.168.10.121', os.name: 'Windows 10', os.arch: 'amd64', os.version: '10.0', java.version: '1.8.0_181'
Driver info: com.kms.katalon.core.webui.driver.firefox.CGeckoDriver
Capabilities {acceptInsecureCerts: true, browserName: firefox, browserVersion: 59.0.2, javascriptEnabled: true, moz:accessibilityChecks: false, moz:headless: false, moz:processID: 5188, moz:profile: C:\Users\Manoj-D\AppData\Lo..., moz:useNonSpecCompliantPointerOrigin: false, moz:webdriverClick: true, pageLoadStrategy: normal, platform: XP, platformName: XP, platformVersion: 10.0, proxy: Proxy(direct), rotatable: false, timeouts: {implicit: 0, pageLoad: 300000, script: 30000}}
Session ID: e282f36c-5ff2-458e-9629-339934bc880f
*** Element info: {Using=xpath, value=//input[@type = 'image' and @name = 'ctl00$imgbtnLogout' and @id = 'ctl00_imgbtnLogout' and @src = 'Images/logout_img.jpg']})

2018-09-05 15:29:08 - [MESSAGE][WARNING] - Cannot take screenshot

2018-09-05 15:29:08 - [MESSAGE][FAILED] - Unable to click on object 'Object Repository/Page_/input_ctl00imgbtnLogout' (Root cause: org.openqa.selenium.SessionNotCreatedException: Tried to run command without establishing a connection
Build info: version: '3.7.1', revision: '8a0099a', time: '2017-11-06T21:07:36.161Z'
System info: host: 'MANOJ-D', ip: '192.168.10.121', os.name: 'Windows 10', os.arch: 'amd64', os.version: '10.0', java.version: '1.8.0_181'
Driver info: com.kms.katalon.core.webui.driver.firefox.CGeckoDriver
Capabilities {acceptInsecureCerts: true, browserName: firefox, browserVersion: 59.0.2, javascriptEnabled: true, moz:accessibilityChecks: false, moz:headless: false, moz:processID: 5188, moz:profile: C:\Users\Manoj-D\AppData\Lo..., moz:useNonSpecCompliantPointerOrigin: false, moz:webdriverClick: true, pageLoadStrategy: normal, platform: XP, platformName: XP, platformVersion: 10.0, proxy: Proxy(direct), rotatable: false, timeouts: {implicit: 0, pageLoad: 300000, script: 30000}}
Session ID: e282f36c-5ff2-458e-9629-339934bc880f
*** Element info: {Using=xpath, value=//input[@type = 'image' and @name = 'ctl00$imgbtnLogout' and @id = 'ctl00_imgbtnLogout' and @src = 'Images/logout_img.jpg']})]]></system-out>
         <system-err><![CDATA[2018-09-05 15:29:08 - [TEST_CASE][FAILED] - Test Cases/Manage HR Department/TCA097003: Test Cases/Manage HR Department/TCA097003 FAILED because (of) Unable to click on object 'Object Repository/Page_/input_ctl00imgbtnLogout' (Root cause: org.openqa.selenium.SessionNotCreatedException: Tried to run command without establishing a connection
Build info: version: '3.7.1', revision: '8a0099a', time: '2017-11-06T21:07:36.161Z'
System info: host: 'MANOJ-D', ip: '192.168.10.121', os.name: 'Windows 10', os.arch: 'amd64', os.version: '10.0', java.version: '1.8.0_181'
Driver info: com.kms.katalon.core.webui.driver.firefox.CGeckoDriver
Capabilities {acceptInsecureCerts: true, browserName: firefox, browserVersion: 59.0.2, javascriptEnabled: true, moz:accessibilityChecks: false, moz:headless: false, moz:processID: 5188, moz:profile: C:\Users\Manoj-D\AppData\Lo..., moz:useNonSpecCompliantPointerOrigin: false, moz:webdriverClick: true, pageLoadStrategy: normal, platform: XP, platformName: XP, platformVersion: 10.0, proxy: Proxy(direct), rotatable: false, timeouts: {implicit: 0, pageLoad: 300000, script: 30000}}
Session ID: e282f36c-5ff2-458e-9629-339934bc880f
*** Element info: {Using=xpath, value=//input[@type = 'image' and @name = 'ctl00$imgbtnLogout' and @id = 'ctl00_imgbtnLogout' and @src = 'Images/logout_img.jpg']})]]></system-err>
      </testcase>
      <system-out><![CDATA[2018-09-05 15:28:55 - [TEST_SUITE][INCOMPLETE] - VAA0045-Manage HR Department: null]]></system-out>
      <system-err><![CDATA[2018-09-05 15:28:55 - [TEST_SUITE][INCOMPLETE] - VAA0045-Manage HR Department: null]]></system-err>
   </testsuite>
</testsuites>
