<?xml version="1.0" encoding="UTF-8"?>
<testsuites name="VAA0040-Admin_login" time="55" tests="8" failures="0" errors="0">
   <testsuite name="VAA0040-Admin_login" tests="8" failures="0" errors="0" time="55" timestamp="2018-09-07 15:55:54" hostname="Manoj-D - Manoj-D.vofox.com" id="Test Suites/VAA0040-Admin_login">
      <properties>
         <property name="deviceName" value=""/>
         <property name="devicePlatform" value=""/>
         <property name="logFolder" value="E:\\VofoxQA\\AssesmentApp_Katalon\\AssesmentApp\\Reports\\VAA0040-Admin_login\\20180907_155553"/>
         <property name="logFiles" value="E:\\VofoxQA\\AssesmentApp_Katalon\\AssesmentApp\\Reports\\VAA0040-Admin_login\\20180907_155553\\execution0.log"/>
         <property name="attachments" value=""/>
         <property name="hostName" value="Manoj-D - Manoj-D.vofox.com"/>
         <property name="os" value="Windows 10 64bit"/>
         <property name="katalonVersion" value="5.7.0.1"/>
         <property name="browser" value="Firefox 59.0"/>
         <property name="hostAddress" value="192.168.10.121"/>
         <property name="sessionId" value="8d74567e-1efd-415f-9b87-f3c335401ebd"/>
         <property name="seleniumVersion" value="3.7.1"/>
         <property name="proxyInformation" value="ProxyInformation{proxyOption=NO_PROXY, proxyServerType=HTTP, password=, proxyServerAddress=, proxyServerPort=0}"/>
         <property name="platform" value="Windows 10"/>
      </properties>
      <testcase name="Test Cases/Admin_Login/TCA091001" classname="Test Cases/Admin_Login/TCA091001" status="PASSED">
         <system-out><![CDATA[2018-09-07 15:55:55 - [TEST_CASE][PASSED] - Test Cases/Admin_Login/TCA091001: Test Cases/Admin_Login/TCA091001

2018-09-07 15:55:55 - [TEST_STEP][PASSED] - openBrowser: Browser is opened with url: ''

2018-09-07 15:56:01 - [MESSAGE][PASSED] - Browser is opened with url: ''

2018-09-07 15:56:01 - [TEST_STEP][PASSED] - navigateToUrl: Navigate to 'http://192.168.10.150/eserviceCRProvider/AdminLogin.aspx' successfully

2018-09-07 15:56:01 - [MESSAGE][PASSED] - Navigate to 'http://192.168.10.150/eserviceCRProvider/AdminLogin.aspx' successfully

2018-09-07 15:56:01 - [TEST_STEP][PASSED] - setText: Text 'Admin' is set on object 'Object Repository/Page_Admin Login/input_ctl00ContentPlaceHolder1'

2018-09-07 15:56:01 - [MESSAGE][PASSED] - Text 'Admin' is set on object 'Object Repository/Page_Admin Login/input_ctl00ContentPlaceHolder1'

2018-09-07 15:56:01 - [TEST_STEP][PASSED] - setEncryptedText: Text ****** has been set on object 'Object Repository/Page_Admin Login/input_ctl00ContentPlaceHolder1_2'

2018-09-07 15:56:02 - [MESSAGE][PASSED] - Text ****** has been set on object 'Object Repository/Page_Admin Login/input_ctl00ContentPlaceHolder1_2'

2018-09-07 15:56:02 - [TEST_STEP][PASSED] - click: Object: 'Object Repository/Page_Admin Login/input_ctl00ContentPlaceHolderBTN' is clicked on

2018-09-07 15:56:03 - [MESSAGE][PASSED] - Object: 'Object Repository/Page_Admin Login/input_ctl00ContentPlaceHolderBTN' is clicked on

2018-09-07 15:56:03 - [TEST_STEP][PASSED] - closeBrowser: Browser is closed

2018-09-07 15:56:03 - [MESSAGE][PASSED] - Browser is closed]]></system-out>
         <system-err><![CDATA[]]></system-err>
      </testcase>
      <testcase name="Test Cases/Admin_Login/TCA091002" classname="Test Cases/Admin_Login/TCA091002" status="PASSED">
         <system-out><![CDATA[2018-09-07 15:56:03 - [TEST_CASE][PASSED] - Test Cases/Admin_Login/TCA091002: Test Cases/Admin_Login/TCA091002

2018-09-07 15:56:03 - [TEST_STEP][PASSED] - openBrowser: Browser is opened with url: ''

2018-09-07 15:56:08 - [MESSAGE][PASSED] - Browser is opened with url: ''

2018-09-07 15:56:08 - [TEST_STEP][PASSED] - navigateToUrl: Navigate to 'http://192.168.10.150/eserviceCRProvider/AdminLogin.aspx' successfully

2018-09-07 15:56:09 - [MESSAGE][PASSED] - Navigate to 'http://192.168.10.150/eserviceCRProvider/AdminLogin.aspx' successfully

2018-09-07 15:56:09 - [TEST_STEP][PASSED] - setText: Text '' is set on object 'Object Repository/Page_Admin Login/input_ctl00ContentPlaceHolder1'

2018-09-07 15:56:09 - [MESSAGE][PASSED] - Text '' is set on object 'Object Repository/Page_Admin Login/input_ctl00ContentPlaceHolder1'

2018-09-07 15:56:09 - [TEST_STEP][PASSED] - setEncryptedText: Text ****** has been set on object 'Object Repository/Page_Admin Login/input_ctl00ContentPlaceHolder1_2'

2018-09-07 15:56:09 - [MESSAGE][PASSED] - Text ****** has been set on object 'Object Repository/Page_Admin Login/input_ctl00ContentPlaceHolder1_2'

2018-09-07 15:56:09 - [TEST_STEP][PASSED] - click: Object: 'Object Repository/Page_Admin Login/input_ctl00ContentPlaceHolderBTN' is clicked on

2018-09-07 15:56:09 - [MESSAGE][PASSED] - Object: 'Object Repository/Page_Admin Login/input_ctl00ContentPlaceHolderBTN' is clicked on

2018-09-07 15:56:09 - [TEST_STEP][PASSED] - verifyElementText: Actual text and expected text of test object 'Object Repository/Page_Admin Login/span_Enter Username' are matched.

2018-09-07 15:56:09 - [MESSAGE][PASSED] - Actual text and expected text of test object 'Object Repository/Page_Admin Login/span_Enter Username' are matched.

2018-09-07 15:56:09 - [TEST_STEP][PASSED] - verifyElementText: Actual text and expected text of test object 'Object Repository/Page_Admin Login/span_Enter Password' are matched.

2018-09-07 15:56:09 - [MESSAGE][PASSED] - Actual text and expected text of test object 'Object Repository/Page_Admin Login/span_Enter Password' are matched.

2018-09-07 15:56:09 - [TEST_STEP][PASSED] - closeBrowser: Browser is closed

2018-09-07 15:56:09 - [MESSAGE][PASSED] - Browser is closed]]></system-out>
         <system-err><![CDATA[]]></system-err>
      </testcase>
      <testcase name="Test Cases/Admin_Login/TCA091003" classname="Test Cases/Admin_Login/TCA091003" status="PASSED">
         <system-out><![CDATA[2018-09-07 15:56:09 - [TEST_CASE][PASSED] - Test Cases/Admin_Login/TCA091003: Test Cases/Admin_Login/TCA091003

2018-09-07 15:56:09 - [TEST_STEP][PASSED] - openBrowser: Browser is opened with url: ''

2018-09-07 15:56:14 - [MESSAGE][PASSED] - Browser is opened with url: ''

2018-09-07 15:56:14 - [TEST_STEP][PASSED] - navigateToUrl: Navigate to 'http://192.168.10.150/eserviceCRProvider/AdminLogin.aspx' successfully

2018-09-07 15:56:14 - [MESSAGE][PASSED] - Navigate to 'http://192.168.10.150/eserviceCRProvider/AdminLogin.aspx' successfully

2018-09-07 15:56:14 - [TEST_STEP][PASSED] - setText: Text '' is set on object 'Object Repository/Page_Admin Login/input_ctl00ContentPlaceHolder1'

2018-09-07 15:56:14 - [MESSAGE][PASSED] - Text '' is set on object 'Object Repository/Page_Admin Login/input_ctl00ContentPlaceHolder1'

2018-09-07 15:56:14 - [TEST_STEP][PASSED] - setEncryptedText: Text ****** has been set on object 'Object Repository/Page_Admin Login/input_ctl00ContentPlaceHolder1_2'

2018-09-07 15:56:14 - [MESSAGE][PASSED] - Text ****** has been set on object 'Object Repository/Page_Admin Login/input_ctl00ContentPlaceHolder1_2'

2018-09-07 15:56:14 - [TEST_STEP][PASSED] - click: Object: 'Object Repository/Page_Admin Login/input_ctl00ContentPlaceHolderBTN' is clicked on

2018-09-07 15:56:15 - [MESSAGE][PASSED] - Object: 'Object Repository/Page_Admin Login/input_ctl00ContentPlaceHolderBTN' is clicked on

2018-09-07 15:56:15 - [TEST_STEP][PASSED] - verifyElementText: Actual text and expected text of test object 'Object Repository/Page_Admin Login/span_Enter Username' are matched.

2018-09-07 15:56:15 - [MESSAGE][PASSED] - Actual text and expected text of test object 'Object Repository/Page_Admin Login/span_Enter Username' are matched.

2018-09-07 15:56:15 - [TEST_STEP][PASSED] - verifyElementText: Actual text and expected text of test object 'Object Repository/Page_Admin Login/span_Enter Password' are matched.

2018-09-07 15:56:15 - [MESSAGE][PASSED] - Actual text and expected text of test object 'Object Repository/Page_Admin Login/span_Enter Password' are matched.

2018-09-07 15:56:15 - [TEST_STEP][PASSED] - closeBrowser: Browser is closed

2018-09-07 15:56:15 - [MESSAGE][PASSED] - Browser is closed]]></system-out>
         <system-err><![CDATA[]]></system-err>
      </testcase>
      <testcase name="Test Cases/Admin_Login/TCA091004" classname="Test Cases/Admin_Login/TCA091004" status="PASSED">
         <system-out><![CDATA[2018-09-07 15:56:15 - [TEST_CASE][PASSED] - Test Cases/Admin_Login/TCA091004: Test Cases/Admin_Login/TCA091004

2018-09-07 15:56:15 - [TEST_STEP][PASSED] - openBrowser: Browser is opened with url: ''

2018-09-07 15:56:20 - [MESSAGE][PASSED] - Browser is opened with url: ''

2018-09-07 15:56:20 - [TEST_STEP][PASSED] - navigateToUrl: Navigate to 'http://192.168.10.150/eserviceCRProvider/AdminLogin.aspx' successfully

2018-09-07 15:56:20 - [MESSAGE][PASSED] - Navigate to 'http://192.168.10.150/eserviceCRProvider/AdminLogin.aspx' successfully

2018-09-07 15:56:20 - [TEST_STEP][PASSED] - setText: Text '' is set on object 'Object Repository/Page_Admin Login/input_ctl00ContentPlaceHolder1'

2018-09-07 15:56:21 - [MESSAGE][PASSED] - Text '' is set on object 'Object Repository/Page_Admin Login/input_ctl00ContentPlaceHolder1'

2018-09-07 15:56:21 - [TEST_STEP][PASSED] - setEncryptedText: Text ****** has been set on object 'Object Repository/Page_Admin Login/input_ctl00ContentPlaceHolder1_2'

2018-09-07 15:56:21 - [MESSAGE][PASSED] - Text ****** has been set on object 'Object Repository/Page_Admin Login/input_ctl00ContentPlaceHolder1_2'

2018-09-07 15:56:21 - [TEST_STEP][PASSED] - click: Object: 'Object Repository/Page_Admin Login/input_ctl00ContentPlaceHolderBTN' is clicked on

2018-09-07 15:56:21 - [MESSAGE][PASSED] - Object: 'Object Repository/Page_Admin Login/input_ctl00ContentPlaceHolderBTN' is clicked on

2018-09-07 15:56:21 - [TEST_STEP][PASSED] - verifyElementText: Actual text and expected text of test object 'Object Repository/Page_Admin Login/span_Enter Username' are matched.

2018-09-07 15:56:21 - [MESSAGE][PASSED] - Actual text and expected text of test object 'Object Repository/Page_Admin Login/span_Enter Username' are matched.

2018-09-07 15:56:21 - [TEST_STEP][PASSED] - verifyElementText: Actual text and expected text of test object 'Object Repository/Page_Admin Login/span_Enter Password' are matched.

2018-09-07 15:56:21 - [MESSAGE][PASSED] - Actual text and expected text of test object 'Object Repository/Page_Admin Login/span_Enter Password' are matched.

2018-09-07 15:56:21 - [TEST_STEP][PASSED] - closeBrowser: Browser is closed

2018-09-07 15:56:21 - [MESSAGE][PASSED] - Browser is closed]]></system-out>
         <system-err><![CDATA[]]></system-err>
      </testcase>
      <testcase name="Test Cases/Admin_Login/TCA091005" classname="Test Cases/Admin_Login/TCA091005" status="PASSED">
         <system-out><![CDATA[2018-09-07 15:56:21 - [TEST_CASE][PASSED] - Test Cases/Admin_Login/TCA091005: Test Cases/Admin_Login/TCA091005

2018-09-07 15:56:21 - [TEST_STEP][PASSED] - openBrowser: Browser is opened with url: ''

2018-09-07 15:56:26 - [MESSAGE][PASSED] - Browser is opened with url: ''

2018-09-07 15:56:26 - [TEST_STEP][PASSED] - navigateToUrl: Navigate to 'http://192.168.10.150/eserviceCRProvider/AdminLogin.aspx' successfully

2018-09-07 15:56:26 - [MESSAGE][PASSED] - Navigate to 'http://192.168.10.150/eserviceCRProvider/AdminLogin.aspx' successfully

2018-09-07 15:56:26 - [TEST_STEP][PASSED] - setText: Text '' is set on object 'Object Repository/Page_Admin Login/input_ctl00ContentPlaceHolder1'

2018-09-07 15:56:26 - [MESSAGE][PASSED] - Text '' is set on object 'Object Repository/Page_Admin Login/input_ctl00ContentPlaceHolder1'

2018-09-07 15:56:26 - [TEST_STEP][PASSED] - setEncryptedText: Text ****** has been set on object 'Object Repository/Page_Admin Login/input_ctl00ContentPlaceHolder1_2'

2018-09-07 15:56:26 - [MESSAGE][PASSED] - Text ****** has been set on object 'Object Repository/Page_Admin Login/input_ctl00ContentPlaceHolder1_2'

2018-09-07 15:56:26 - [TEST_STEP][PASSED] - click: Object: 'Object Repository/Page_Admin Login/input_ctl00ContentPlaceHolderBTN' is clicked on

2018-09-07 15:56:27 - [MESSAGE][PASSED] - Object: 'Object Repository/Page_Admin Login/input_ctl00ContentPlaceHolderBTN' is clicked on

2018-09-07 15:56:27 - [TEST_STEP][PASSED] - verifyElementText: Actual text and expected text of test object 'Object Repository/Page_Admin Login/span_Enter Username' are matched.

2018-09-07 15:56:27 - [MESSAGE][PASSED] - Actual text and expected text of test object 'Object Repository/Page_Admin Login/span_Enter Username' are matched.

2018-09-07 15:56:27 - [TEST_STEP][PASSED] - verifyElementText: Actual text and expected text of test object 'Object Repository/Page_Admin Login/span_Enter Password' are matched.

2018-09-07 15:56:27 - [MESSAGE][PASSED] - Actual text and expected text of test object 'Object Repository/Page_Admin Login/span_Enter Password' are matched.

2018-09-07 15:56:27 - [TEST_STEP][PASSED] - closeBrowser: Browser is closed

2018-09-07 15:56:27 - [MESSAGE][PASSED] - Browser is closed]]></system-out>
         <system-err><![CDATA[]]></system-err>
      </testcase>
      <testcase name="Test Cases/Admin_Login/TCA091006" classname="Test Cases/Admin_Login/TCA091006" status="PASSED">
         <system-out><![CDATA[2018-09-07 15:56:27 - [TEST_CASE][PASSED] - Test Cases/Admin_Login/TCA091006: Test Cases/Admin_Login/TCA091006

2018-09-07 15:56:27 - [TEST_STEP][PASSED] - openBrowser: Browser is opened with url: ''

2018-09-07 15:56:32 - [MESSAGE][PASSED] - Browser is opened with url: ''

2018-09-07 15:56:32 - [TEST_STEP][PASSED] - navigateToUrl: Navigate to 'http://192.168.10.150/eserviceCRProvider/AdminLogin.aspx' successfully

2018-09-07 15:56:32 - [MESSAGE][PASSED] - Navigate to 'http://192.168.10.150/eserviceCRProvider/AdminLogin.aspx' successfully

2018-09-07 15:56:32 - [TEST_STEP][PASSED] - setText: Text '' is set on object 'Object Repository/Page_Admin Login/input_ctl00ContentPlaceHolder1'

2018-09-07 15:56:32 - [MESSAGE][PASSED] - Text '' is set on object 'Object Repository/Page_Admin Login/input_ctl00ContentPlaceHolder1'

2018-09-07 15:56:33 - [TEST_STEP][PASSED] - setEncryptedText: Text ****** has been set on object 'Object Repository/Page_Admin Login/input_ctl00ContentPlaceHolder1_2'

2018-09-07 15:56:33 - [MESSAGE][PASSED] - Text ****** has been set on object 'Object Repository/Page_Admin Login/input_ctl00ContentPlaceHolder1_2'

2018-09-07 15:56:33 - [TEST_STEP][PASSED] - click: Object: 'Object Repository/Page_Admin Login/input_ctl00ContentPlaceHolderBTN' is clicked on

2018-09-07 15:56:33 - [MESSAGE][PASSED] - Object: 'Object Repository/Page_Admin Login/input_ctl00ContentPlaceHolderBTN' is clicked on

2018-09-07 15:56:33 - [TEST_STEP][PASSED] - verifyElementText: Actual text and expected text of test object 'Object Repository/Page_Admin Login/span_Enter Username' are matched.

2018-09-07 15:56:33 - [MESSAGE][PASSED] - Actual text and expected text of test object 'Object Repository/Page_Admin Login/span_Enter Username' are matched.

2018-09-07 15:56:33 - [TEST_STEP][PASSED] - verifyElementText: Actual text and expected text of test object 'Object Repository/Page_Admin Login/span_Enter Password' are matched.

2018-09-07 15:56:33 - [MESSAGE][PASSED] - Actual text and expected text of test object 'Object Repository/Page_Admin Login/span_Enter Password' are matched.

2018-09-07 15:56:33 - [TEST_STEP][PASSED] - closeBrowser: Browser is closed

2018-09-07 15:56:33 - [MESSAGE][PASSED] - Browser is closed]]></system-out>
         <system-err><![CDATA[]]></system-err>
      </testcase>
      <testcase name="Test Cases/Admin_Login/TCA091007" classname="Test Cases/Admin_Login/TCA091007" status="PASSED">
         <system-out><![CDATA[2018-09-07 15:56:33 - [TEST_CASE][PASSED] - Test Cases/Admin_Login/TCA091007: Test Cases/Admin_Login/TCA091007

2018-09-07 15:56:33 - [TEST_STEP][PASSED] - openBrowser: Browser is opened with url: ''

2018-09-07 15:56:38 - [MESSAGE][PASSED] - Browser is opened with url: ''

2018-09-07 15:56:38 - [TEST_STEP][PASSED] - navigateToUrl: Navigate to 'http://192.168.10.150/eserviceCRProvider/AdminLogin.aspx' successfully

2018-09-07 15:56:38 - [MESSAGE][PASSED] - Navigate to 'http://192.168.10.150/eserviceCRProvider/AdminLogin.aspx' successfully

2018-09-07 15:56:38 - [TEST_STEP][PASSED] - setText: Text 'Admin' is set on object 'Object Repository/Page_Admin Login/input_ctl00ContentPlaceHolder1'

2018-09-07 15:56:38 - [MESSAGE][PASSED] - Text 'Admin' is set on object 'Object Repository/Page_Admin Login/input_ctl00ContentPlaceHolder1'

2018-09-07 15:56:38 - [TEST_STEP][PASSED] - setEncryptedText: Text ****** has been set on object 'Object Repository/Page_Admin Login/input_ctl00ContentPlaceHolder1_2'

2018-09-07 15:56:38 - [MESSAGE][PASSED] - Text ****** has been set on object 'Object Repository/Page_Admin Login/input_ctl00ContentPlaceHolder1_2'

2018-09-07 15:56:38 - [TEST_STEP][PASSED] - click: Object: 'Object Repository/Page_Admin Login/input_ctl00ContentPlaceHolderBTN' is clicked on

2018-09-07 15:56:40 - [MESSAGE][PASSED] - Object: 'Object Repository/Page_Admin Login/input_ctl00ContentPlaceHolderBTN' is clicked on

2018-09-07 15:56:40 - [TEST_STEP][PASSED] - verifyElementText: Actual text and expected text of test object 'Object Repository/Page_/span_SuperAdmin' are matched.

2018-09-07 15:56:40 - [MESSAGE][PASSED] - Actual text and expected text of test object 'Object Repository/Page_/span_SuperAdmin' are matched.

2018-09-07 15:56:40 - [TEST_STEP][PASSED] - closeBrowser: Browser is closed

2018-09-07 15:56:41 - [MESSAGE][PASSED] - Browser is closed]]></system-out>
         <system-err><![CDATA[]]></system-err>
      </testcase>
      <testcase name="Test Cases/Admin_Login/TCA091008" classname="Test Cases/Admin_Login/TCA091008" status="PASSED">
         <system-out><![CDATA[2018-09-07 15:56:41 - [TEST_CASE][PASSED] - Test Cases/Admin_Login/TCA091008: Test Cases/Admin_Login/TCA091008

2018-09-07 15:56:41 - [TEST_STEP][PASSED] - openBrowser: Browser is opened with url: ''

2018-09-07 15:56:46 - [MESSAGE][PASSED] - Browser is opened with url: ''

2018-09-07 15:56:46 - [TEST_STEP][PASSED] - navigateToUrl: Navigate to 'http://192.168.10.150/eserviceCRProvider/AdminLogin.aspx' successfully

2018-09-07 15:56:46 - [MESSAGE][PASSED] - Navigate to 'http://192.168.10.150/eserviceCRProvider/AdminLogin.aspx' successfully

2018-09-07 15:56:46 - [TEST_STEP][PASSED] - setText: Text 'Admin' is set on object 'Object Repository/Page_Admin Login/input_ctl00ContentPlaceHolder1'

2018-09-07 15:56:46 - [MESSAGE][PASSED] - Text 'Admin' is set on object 'Object Repository/Page_Admin Login/input_ctl00ContentPlaceHolder1'

2018-09-07 15:56:46 - [TEST_STEP][PASSED] - setEncryptedText: Text ****** has been set on object 'Object Repository/Page_Admin Login/input_ctl00ContentPlaceHolder1_2'

2018-09-07 15:56:46 - [MESSAGE][PASSED] - Text ****** has been set on object 'Object Repository/Page_Admin Login/input_ctl00ContentPlaceHolder1_2'

2018-09-07 15:56:46 - [TEST_STEP][PASSED] - click: Object: 'Object Repository/Page_Admin Login/input_ctl00ContentPlaceHolderBTN' is clicked on

2018-09-07 15:56:48 - [MESSAGE][PASSED] - Object: 'Object Repository/Page_Admin Login/input_ctl00ContentPlaceHolderBTN' is clicked on

2018-09-07 15:56:48 - [TEST_STEP][PASSED] - verifyElementText: Actual text and expected text of test object 'Object Repository/Page_/span_SuperAdmin' are matched.

2018-09-07 15:56:48 - [MESSAGE][PASSED] - Actual text and expected text of test object 'Object Repository/Page_/span_SuperAdmin' are matched.

2018-09-07 15:56:48 - [TEST_STEP][PASSED] - click: Object: 'Object Repository/Page_/input_ctl00imgbtnLogout' is clicked on

2018-09-07 15:56:49 - [MESSAGE][PASSED] - Object: 'Object Repository/Page_/input_ctl00imgbtnLogout' is clicked on

2018-09-07 15:56:49 - [TEST_STEP][PASSED] - verifyElementText: Actual text and expected text of test object 'Object Repository/Page_Admin Login/td_Admin Login' are matched.

2018-09-07 15:56:49 - [MESSAGE][PASSED] - Actual text and expected text of test object 'Object Repository/Page_Admin Login/td_Admin Login' are matched.

2018-09-07 15:56:49 - [TEST_STEP][PASSED] - closeBrowser: Browser is closed

2018-09-07 15:56:49 - [MESSAGE][PASSED] - Browser is closed]]></system-out>
         <system-err><![CDATA[]]></system-err>
      </testcase>
      <system-out><![CDATA[2018-09-07 15:55:54 - [TEST_SUITE][PASSED] - VAA0040-Admin_login: Test Cases/Admin_Login/TCA091008]]></system-out>
      <system-err><![CDATA[]]></system-err>
   </testsuite>
</testsuites>
