<?xml version="1.0" encoding="UTF-8"?>
<testsuites name="VAA0043-Manage Employees Department" time="18" tests="3" failures="0" errors="0">
   <testsuite name="VAA0043-Manage Employees Department" tests="3" failures="0" errors="0" time="18" timestamp="2018-09-20 20:53:30" hostname="sebastian - Vofox-Sebastian.vofox.com" id="Test Suites/VAA0043-Manage Employees Department">
      <properties>
         <property name="deviceName" value=""/>
         <property name="devicePlatform" value=""/>
         <property name="logFolder" value="E:\\Git Assessment App Katalon\\AssesmentApp\\Reports\\VAA0043-Manage Employees Department\\20180920_205328"/>
         <property name="logFiles" value="E:\\Git Assessment App Katalon\\AssesmentApp\\Reports\\VAA0043-Manage Employees Department\\20180920_205328\\execution0.log"/>
         <property name="attachments" value=""/>
         <property name="hostName" value="sebastian - Vofox-Sebastian.vofox.com"/>
         <property name="os" value="Windows 10 64bit"/>
         <property name="katalonVersion" value="5.7.0.1"/>
         <property name="browser" value="Chrome 68.0.3440.106"/>
         <property name="hostAddress" value="192.168.10.130"/>
         <property name="sessionId" value="21f83618af99ca8996478d1e2a5c579a"/>
         <property name="seleniumVersion" value="3.7.1"/>
         <property name="proxyInformation" value="ProxyInformation{proxyOption=NO_PROXY, proxyServerType=HTTP, password=, proxyServerAddress=, proxyServerPort=0}"/>
         <property name="platform" value="Windows 10"/>
      </properties>
      <testcase name="Test Cases/Manage Employees Department/TCA095001" classname="Test Cases/Manage Employees Department/TCA095001" status="PASSED">
         <system-out><![CDATA[2018-09-20 20:53:31 - [TEST_CASE][PASSED] - Test Cases/Manage Employees Department/TCA095001: Test Cases/Manage Employees Department/TCA095001

2018-09-20 20:53:31 - [TEST_STEP][PASSED] - callTestCase: Call Test Case 'Test Cases/Admin_Login/Admin_Login' successfully

2018-09-20 20:53:31 - [TEST_CASE][PASSED] - Test Cases/Admin_Login/Admin_Login: Test Cases/Admin_Login/Admin_Login

2018-09-20 20:53:32 - [TEST_STEP][PASSED] - openBrowser: Browser is opened with url: ''

2018-09-20 20:53:35 - [MESSAGE][PASSED] - Browser is opened with url: ''

2018-09-20 20:53:35 - [TEST_STEP][PASSED] - navigateToUrl: Navigate to 'http://192.168.10.150/eserviceCRProvider/AdminLogin.aspx' successfully

2018-09-20 20:53:36 - [MESSAGE][PASSED] - Navigate to 'http://192.168.10.150/eserviceCRProvider/AdminLogin.aspx' successfully

2018-09-20 20:53:36 - [TEST_STEP][PASSED] - maximizeWindow: Current window maximized

2018-09-20 20:53:37 - [MESSAGE][PASSED] - Current window maximized

2018-09-20 20:53:37 - [TEST_STEP][PASSED] - waitForElementVisible: Object 'Object Repository/Page_Admin Login/input_ctl00ContentPlaceHolder1' is visible

2018-09-20 20:53:37 - [MESSAGE][PASSED] - Object 'Object Repository/Page_Admin Login/input_ctl00ContentPlaceHolder1' is visible

2018-09-20 20:53:37 - [TEST_STEP][PASSED] - setText: Text 'Admin' is set on object 'Object Repository/Page_Admin Login/input_ctl00ContentPlaceHolder1'

2018-09-20 20:53:37 - [MESSAGE][PASSED] - Text 'Admin' is set on object 'Object Repository/Page_Admin Login/input_ctl00ContentPlaceHolder1'

2018-09-20 20:53:37 - [TEST_STEP][PASSED] - setEncryptedText: Text ****** has been set on object 'Object Repository/Page_Admin Login/input_ctl00ContentPlaceHolder1_2'

2018-09-20 20:53:38 - [MESSAGE][PASSED] - Text ****** has been set on object 'Object Repository/Page_Admin Login/input_ctl00ContentPlaceHolder1_2'

2018-09-20 20:53:38 - [TEST_STEP][PASSED] - click: Object: 'Object Repository/Page_Admin Login/input_ctl00ContentPlaceHolderBTN' is clicked on

2018-09-20 20:53:39 - [MESSAGE][PASSED] - Object: 'Object Repository/Page_Admin Login/input_ctl00ContentPlaceHolderBTN' is clicked on

2018-09-20 20:53:39 - [MESSAGE][PASSED] - Call Test Case 'Test Cases/Admin_Login/Admin_Login' successfully

2018-09-20 20:53:39 - [TEST_STEP][PASSED] - verifyElementText: Actual text and expected text of test object 'Object Repository/Page_/span_SuperAdmin' are matched.

2018-09-20 20:53:39 - [MESSAGE][PASSED] - Actual text and expected text of test object 'Object Repository/Page_/span_SuperAdmin' are matched.]]></system-out>
         <system-err><![CDATA[]]></system-err>
      </testcase>
      <testcase name="Test Cases/Manage Employees Department/TCA095002" classname="Test Cases/Manage Employees Department/TCA095002" status="PASSED">
         <system-out><![CDATA[2018-09-20 20:53:39 - [TEST_CASE][PASSED] - Test Cases/Manage Employees Department/TCA095002: Test Cases/Manage Employees Department/TCA095002

2018-09-20 20:53:39 - [TEST_STEP][PASSED] - click: Object: 'Object Repository/Page_/a_ Manage Employees Department' is clicked on

2018-09-20 20:53:40 - [MESSAGE][PASSED] - Object: 'Object Repository/Page_/a_ Manage Employees Department' is clicked on

2018-09-20 20:53:40 - [TEST_STEP][PASSED] - selectOptionByValue: All options with value 'Employee' are selected in object 'Object Repository/Page_/select_AllEmployeeNHIP Number'  using regular expression

2018-09-20 20:53:40 - [MESSAGE][PASSED] - All options with value 'Employee' are selected in object 'Object Repository/Page_/select_AllEmployeeNHIP Number'  using regular expression

2018-09-20 20:53:40 - [TEST_STEP][PASSED] - delay: Delayed 2 second(s)

2018-09-20 20:53:42 - [MESSAGE][PASSED] - Delayed 2 second(s)

2018-09-20 20:53:42 - [TEST_STEP][PASSED] - verifyTextPresent: Text 'Enter NHIP Number/' is present on page 

2018-09-20 20:53:42 - [MESSAGE][PASSED] - Text 'Enter NHIP Number/' is present on page 

2018-09-20 20:53:42 - [TEST_STEP][PASSED] - selectOptionByValue: All options with value 'Nhip' are selected in object 'Object Repository/Page_/select_AllEmployeeNHIP Number'  using regular expression

2018-09-20 20:53:43 - [MESSAGE][PASSED] - All options with value 'Nhip' are selected in object 'Object Repository/Page_/select_AllEmployeeNHIP Number'  using regular expression

2018-09-20 20:53:43 - [TEST_STEP][PASSED] - verifyTextPresent: Text 'Enter NHIP Number/' is present on page 

2018-09-20 20:53:43 - [MESSAGE][PASSED] - Text 'Enter NHIP Number/' is present on page 

2018-09-20 20:53:43 - [TEST_STEP][PASSED] - verifyElementClickable: Object 'Object Repository/Page_/input_ctl00adminContentPlaceHo_searchbox' is clickable

2018-09-20 20:53:43 - [MESSAGE][PASSED] - Object 'Object Repository/Page_/input_ctl00adminContentPlaceHo_searchbox' is clickable

2018-09-20 20:53:43 - [TEST_STEP][PASSED] - selectOptionByValue: All options with value 'Employee' are selected in object 'Object Repository/Page_/select_AllEmployeeNHIP Number'  using regular expression

2018-09-20 20:53:43 - [MESSAGE][PASSED] - All options with value 'Employee' are selected in object 'Object Repository/Page_/select_AllEmployeeNHIP Number'  using regular expression

2018-09-20 20:53:43 - [TEST_STEP][PASSED] - click: Object: 'Object Repository/Page_/input_ctl00adminContentPlaceHo_search' is clicked on

2018-09-20 20:53:43 - [MESSAGE][PASSED] - Object: 'Object Repository/Page_/input_ctl00adminContentPlaceHo_search' is clicked on

2018-09-20 20:53:43 - [TEST_STEP][PASSED] - verifyElementText: Actual text and expected text of test object 'Object Repository/Page_/td_Sorry No Employees  Found..' are matched.

2018-09-20 20:53:43 - [MESSAGE][PASSED] - Actual text and expected text of test object 'Object Repository/Page_/td_Sorry No Employees  Found..' are matched.

2018-09-20 20:53:43 - [TEST_STEP][PASSED] - verifyElementText: Actual text and expected text of test object 'Object Repository/Page_/th_First Name' are matched.

2018-09-20 20:53:44 - [MESSAGE][PASSED] - Actual text and expected text of test object 'Object Repository/Page_/th_First Name' are matched.

2018-09-20 20:53:44 - [TEST_STEP][PASSED] - verifyElementText: Actual text and expected text of test object 'Object Repository/Page_/th_Last Name' are matched.

2018-09-20 20:53:44 - [MESSAGE][PASSED] - Actual text and expected text of test object 'Object Repository/Page_/th_Last Name' are matched.

2018-09-20 20:53:44 - [TEST_STEP][PASSED] - verifyElementText: Actual text and expected text of test object 'Object Repository/Page_/th_NHIP Number' are matched.

2018-09-20 20:53:44 - [MESSAGE][PASSED] - Actual text and expected text of test object 'Object Repository/Page_/th_NHIP Number' are matched.

2018-09-20 20:53:44 - [TEST_STEP][PASSED] - verifyElementText: Actual text and expected text of test object 'Object Repository/Page_/th_Employer' are matched.

2018-09-20 20:53:44 - [MESSAGE][PASSED] - Actual text and expected text of test object 'Object Repository/Page_/th_Employer' are matched.

2018-09-20 20:53:44 - [TEST_STEP][PASSED] - selectOptionByValue: All options with value 'Nhip' are selected in object 'Object Repository/Page_/select_AllEmployeeNHIP Number'  using regular expression

2018-09-20 20:53:44 - [MESSAGE][PASSED] - All options with value 'Nhip' are selected in object 'Object Repository/Page_/select_AllEmployeeNHIP Number'  using regular expression

2018-09-20 20:53:44 - [TEST_STEP][PASSED] - setText: Text 'dfg45' is set on object 'Object Repository/Page_/input_Description_Textbox'

2018-09-20 20:53:44 - [MESSAGE][PASSED] - Text 'dfg45' is set on object 'Object Repository/Page_/input_Description_Textbox'

2018-09-20 20:53:44 - [TEST_STEP][PASSED] - click: Object: 'Object Repository/Page_/input_ctl00adminContentPlaceHo_search' is clicked on

2018-09-20 20:53:44 - [MESSAGE][PASSED] - Object: 'Object Repository/Page_/input_ctl00adminContentPlaceHo_search' is clicked on

2018-09-20 20:53:44 - [TEST_STEP][PASSED] - click: Object: 'Object Repository/Page_/td_Sorry No Employees  Found..' is clicked on

2018-09-20 20:53:44 - [MESSAGE][PASSED] - Object: 'Object Repository/Page_/td_Sorry No Employees  Found..' is clicked on

2018-09-20 20:53:44 - [TEST_STEP][PASSED] - setText: Text 'NHIP-02014-00' is set on object 'Object Repository/Page_/input_Description_Textbox'

2018-09-20 20:53:45 - [MESSAGE][PASSED] - Text 'NHIP-02014-00' is set on object 'Object Repository/Page_/input_Description_Textbox'

2018-09-20 20:53:45 - [TEST_STEP][PASSED] - click: Object: 'Object Repository/Page_/input_ctl00adminContentPlaceHo_search' is clicked on

2018-09-20 20:53:45 - [MESSAGE][PASSED] - Object: 'Object Repository/Page_/input_ctl00adminContentPlaceHo_search' is clicked on

2018-09-20 20:53:45 - [TEST_STEP][PASSED] - verifyElementText: Actual text and expected text of test object 'Object Repository/Page_/td_NHIP-02014-00' are matched.

2018-09-20 20:53:45 - [MESSAGE][PASSED] - Actual text and expected text of test object 'Object Repository/Page_/td_NHIP-02014-00' are matched.

2018-09-20 20:53:45 - [TEST_STEP][PASSED] - selectOptionByValue: All options with value 'Employee' are selected in object 'Object Repository/Page_/select_AllEmployeeNHIP Number'  using regular expression

2018-09-20 20:53:45 - [MESSAGE][PASSED] - All options with value 'Employee' are selected in object 'Object Repository/Page_/select_AllEmployeeNHIP Number'  using regular expression

2018-09-20 20:53:45 - [TEST_STEP][PASSED] - setText: Text 'La-Cher' is set on object 'Object Repository/Page_/input_Description_Textbox'

2018-09-20 20:53:45 - [MESSAGE][PASSED] - Text 'La-Cher' is set on object 'Object Repository/Page_/input_Description_Textbox'

2018-09-20 20:53:45 - [TEST_STEP][PASSED] - click: Object: 'Object Repository/Page_/input_ctl00adminContentPlaceHo_search' is clicked on

2018-09-20 20:53:45 - [MESSAGE][PASSED] - Object: 'Object Repository/Page_/input_ctl00adminContentPlaceHo_search' is clicked on

2018-09-20 20:53:45 - [TEST_STEP][PASSED] - verifyElementText: Actual text and expected text of test object 'Object Repository/Page_/td_La-Cher' are matched.

2018-09-20 20:53:46 - [MESSAGE][PASSED] - Actual text and expected text of test object 'Object Repository/Page_/td_La-Cher' are matched.

2018-09-20 20:53:46 - [TEST_STEP][PASSED] - setText: Text 'Glinton' is set on object 'Object Repository/Page_/input_Description_Textbox'

2018-09-20 20:53:46 - [MESSAGE][PASSED] - Text 'Glinton' is set on object 'Object Repository/Page_/input_Description_Textbox'

2018-09-20 20:53:46 - [TEST_STEP][PASSED] - click: Object: 'Object Repository/Page_/input_ctl00adminContentPlaceHo_search' is clicked on

2018-09-20 20:53:46 - [MESSAGE][PASSED] - Object: 'Object Repository/Page_/input_ctl00adminContentPlaceHo_search' is clicked on

2018-09-20 20:53:46 - [TEST_STEP][PASSED] - verifyElementText: Actual text and expected text of test object 'Object Repository/Page_/td_Glinton' are matched.

2018-09-20 20:53:46 - [MESSAGE][PASSED] - Actual text and expected text of test object 'Object Repository/Page_/td_Glinton' are matched.

2018-09-20 20:53:46 - [TEST_STEP][PASSED] - click: Object: 'Object Repository/Page_/input_btnAssignEmployees' is clicked on

2018-09-20 20:53:46 - [MESSAGE][PASSED] - Object: 'Object Repository/Page_/input_btnAssignEmployees' is clicked on

2018-09-20 20:53:46 - [TEST_STEP][PASSED] - verifyElementText: Actual text and expected text of test object 'Object Repository/Page_/span_AssignUnassign Employee_pop' are matched.

2018-09-20 20:53:46 - [MESSAGE][PASSED] - Actual text and expected text of test object 'Object Repository/Page_/span_AssignUnassign Employee_pop' are matched.

2018-09-20 20:53:46 - [TEST_STEP][PASSED] - verifyElementPresent: Object 'Object Repository/Page_/input_ctl00adminContentPlaceHo_popsearch' is present

2018-09-20 20:53:46 - [MESSAGE][WARNING] - Timeout '0' is invalid. Using default page load timeout: '30'

2018-09-20 20:53:46 - [MESSAGE][PASSED] - Object 'Object Repository/Page_/input_ctl00adminContentPlaceHo_popsearch' is present

2018-09-20 20:53:46 - [TEST_STEP][PASSED] - verifyElementPresent: Object 'Object Repository/Page_/input_btnContinue_popSearch' is present

2018-09-20 20:53:46 - [MESSAGE][WARNING] - Timeout '0' is invalid. Using default page load timeout: '30'

2018-09-20 20:53:47 - [MESSAGE][PASSED] - Object 'Object Repository/Page_/input_btnContinue_popSearch' is present

2018-09-20 20:53:47 - [TEST_STEP][PASSED] - verifyElementPresent: Object 'Object Repository/Page_/input_btn_popClear' is present

2018-09-20 20:53:47 - [MESSAGE][WARNING] - Timeout '0' is invalid. Using default page load timeout: '30'

2018-09-20 20:53:47 - [MESSAGE][PASSED] - Object 'Object Repository/Page_/input_btn_popClear' is present

2018-09-20 20:53:47 - [TEST_STEP][PASSED] - verifyElementPresent: Object 'Object Repository/Page_/input_btn_pop_submit' is present

2018-09-20 20:53:47 - [MESSAGE][WARNING] - Timeout '0' is invalid. Using default page load timeout: '30'

2018-09-20 20:53:47 - [MESSAGE][PASSED] - Object 'Object Repository/Page_/input_btn_pop_submit' is present

2018-09-20 20:53:47 - [TEST_STEP][PASSED] - click: Object: 'Object Repository/Page_/input_txtdepKeyword_pop' is clicked on

2018-09-20 20:53:47 - [MESSAGE][PASSED] - Object: 'Object Repository/Page_/input_txtdepKeyword_pop' is clicked on

2018-09-20 20:53:47 - [TEST_STEP][PASSED] - setText: Text 'aa' is set on object 'Object Repository/Page_/input_txtdepKeyword_pop'

2018-09-20 20:53:47 - [MESSAGE][PASSED] - Text 'aa' is set on object 'Object Repository/Page_/input_txtdepKeyword_pop'

2018-09-20 20:53:47 - [TEST_STEP][PASSED] - click: Object: 'Object Repository/Page_/input_ctl00adminContentPlaceHo_popsearch' is clicked on

2018-09-20 20:53:47 - [MESSAGE][PASSED] - Object: 'Object Repository/Page_/input_ctl00adminContentPlaceHo_popsearch' is clicked on

2018-09-20 20:53:47 - [TEST_STEP][PASSED] - click: Object: 'Object Repository/Page_/span_Close' is clicked on

2018-09-20 20:53:48 - [MESSAGE][PASSED] - Object: 'Object Repository/Page_/span_Close' is clicked on]]></system-out>
         <system-err><![CDATA[]]></system-err>
      </testcase>
      <testcase name="Test Cases/Manage Employees Department/TCA095003" classname="Test Cases/Manage Employees Department/TCA095003" status="PASSED">
         <system-out><![CDATA[2018-09-20 20:53:48 - [TEST_CASE][PASSED] - Test Cases/Manage Employees Department/TCA095003: Test Cases/Manage Employees Department/TCA095003

2018-09-20 20:53:48 - [TEST_STEP][PASSED] - click: Object: 'Object Repository/Page_/input_ctl00imgbtnLogout' is clicked on

2018-09-20 20:53:48 - [MESSAGE][PASSED] - Object: 'Object Repository/Page_/input_ctl00imgbtnLogout' is clicked on

2018-09-20 20:53:48 - [TEST_STEP][PASSED] - verifyElementText: Actual text and expected text of test object 'Object Repository/Page_Admin Login/td_Admin Login' are matched.

2018-09-20 20:53:48 - [MESSAGE][PASSED] - Actual text and expected text of test object 'Object Repository/Page_Admin Login/td_Admin Login' are matched.]]></system-out>
         <system-err><![CDATA[]]></system-err>
      </testcase>
      <system-out><![CDATA[2018-09-20 20:53:30 - [TEST_SUITE][PASSED] - VAA0043-Manage Employees Department: Test Cases/Manage Employees Department/TCA095003]]></system-out>
      <system-err><![CDATA[]]></system-err>
   </testsuite>
</testsuites>
