<?xml version="1.0" encoding="UTF-8"?>
<testsuites name="VAA0042-Manage Department" time="15" tests="0" failures="2" errors="0">
   <testsuite name="VAA0042-Manage Department" tests="0" failures="2" errors="0" time="15" timestamp="2018-09-03 16:04:58" hostname="Manoj-D - Manoj-D.vofox.com" id="Test Suites/VAA0042-Manage Department">
      <properties>
         <property name="deviceName" value=""/>
         <property name="devicePlatform" value=""/>
         <property name="logFolder" value="E:\\VofoxQA\\AssesmentApp_Katalon\\AssesmentApp\\Reports\\VAA0042-Manage Department\\20180903_160456"/>
         <property name="logFiles" value="E:\\VofoxQA\\AssesmentApp_Katalon\\AssesmentApp\\Reports\\VAA0042-Manage Department\\20180903_160456\\execution0.log"/>
         <property name="attachments" value=""/>
         <property name="hostName" value="Manoj-D - Manoj-D.vofox.com"/>
         <property name="os" value="Windows 10 64bit"/>
         <property name="katalonVersion" value="5.6.1.1"/>
         <property name="browser" value="Firefox 59.0"/>
         <property name="hostAddress" value="192.168.10.121"/>
         <property name="sessionId" value="4dea07b9-3107-4207-b7e5-b9aa77878c02"/>
         <property name="seleniumVersion" value="3.7.1"/>
         <property name="proxyInformation" value="ProxyInformation{proxyOption=NO_PROXY, proxyServerType=HTTP, password=, proxyServerAddress=, proxyServerPort=0}"/>
         <property name="platform" value="Windows 10"/>
      </properties>
      <testcase name="Test Cases/Manage Department/TCA094001" classname="Test Cases/Manage Department/TCA094001" status="FAILED">
         <failure type="FAILED" message="Verify element text of test object 'Object Repository/Page_/span_SuperAdmin' FAILED. (Root cause: org.openqa.selenium.WebDriverException: Failed to decode response from marionette
Build info: version: '3.7.1', revision: '8a0099a', time: '2017-11-06T21:07:36.161Z'
System info: host: 'MANOJ-D', ip: '192.168.10.121', os.name: 'Windows 10', os.arch: 'amd64', os.version: '10.0', java.version: '1.8.0_181'
Driver info: com.kms.katalon.core.webui.driver.firefox.CGeckoDriver
Capabilities {acceptInsecureCerts: true, browserName: firefox, browserVersion: 59.0.2, javascriptEnabled: true, moz:accessibilityChecks: false, moz:headless: false, moz:processID: 8416, moz:profile: C:\Users\Manoj-D\AppData\Lo..., moz:useNonSpecCompliantPointerOrigin: false, moz:webdriverClick: true, pageLoadStrategy: normal, platform: XP, platformName: XP, platformVersion: 10.0, proxy: Proxy(direct), rotatable: false, timeouts: {implicit: 0, pageLoad: 300000, script: 30000}}
Session ID: 4dea07b9-3107-4207-b7e5-b9aa77878c02
*** Element info: {Using=xpath, value=//span[@id = 'ctl00_lblAdminName' and (text() = 'SuperAdmin' or . = 'SuperAdmin')]})"/>
         <system-out><![CDATA[2018-09-03 16:04:58 - [TEST_CASE][FAILED] - Test Cases/Manage Department/TCA094001: Test Cases/Manage Department/TCA094001 FAILED because (of) Verify element text of test object 'Object Repository/Page_/span_SuperAdmin' FAILED. (Root cause: org.openqa.selenium.WebDriverException: Failed to decode response from marionette
Build info: version: '3.7.1', revision: '8a0099a', time: '2017-11-06T21:07:36.161Z'
System info: host: 'MANOJ-D', ip: '192.168.10.121', os.name: 'Windows 10', os.arch: 'amd64', os.version: '10.0', java.version: '1.8.0_181'
Driver info: com.kms.katalon.core.webui.driver.firefox.CGeckoDriver
Capabilities {acceptInsecureCerts: true, browserName: firefox, browserVersion: 59.0.2, javascriptEnabled: true, moz:accessibilityChecks: false, moz:headless: false, moz:processID: 8416, moz:profile: C:\Users\Manoj-D\AppData\Lo..., moz:useNonSpecCompliantPointerOrigin: false, moz:webdriverClick: true, pageLoadStrategy: normal, platform: XP, platformName: XP, platformVersion: 10.0, proxy: Proxy(direct), rotatable: false, timeouts: {implicit: 0, pageLoad: 300000, script: 30000}}
Session ID: 4dea07b9-3107-4207-b7e5-b9aa77878c02
*** Element info: {Using=xpath, value=//span[@id = 'ctl00_lblAdminName' and (text() = 'SuperAdmin' or . = 'SuperAdmin')]})

2018-09-03 16:04:58 - [TEST_STEP][PASSED] - openBrowser: Browser is opened with url: ''

2018-09-03 16:05:04 - [MESSAGE][PASSED] - Browser is opened with url: ''

2018-09-03 16:05:04 - [TEST_STEP][PASSED] - navigateToUrl: Navigate to 'http://192.168.10.150/eserviceCRProvider/AdminLogin.aspx' successfully

2018-09-03 16:05:04 - [MESSAGE][PASSED] - Navigate to 'http://192.168.10.150/eserviceCRProvider/AdminLogin.aspx' successfully

2018-09-03 16:05:04 - [TEST_STEP][PASSED] - setText: Text 'Admin' is set on object 'Object Repository/Page_Admin Login/input_ctl00ContentPlaceHolder1_1'

2018-09-03 16:05:05 - [MESSAGE][PASSED] - Text 'Admin' is set on object 'Object Repository/Page_Admin Login/input_ctl00ContentPlaceHolder1_1'

2018-09-03 16:05:05 - [TEST_STEP][PASSED] - setEncryptedText: Text ****** has been set on object 'Object Repository/Page_Admin Login/input_ctl00ContentPlaceHolder1_2'

2018-09-03 16:05:05 - [MESSAGE][PASSED] - Text ****** has been set on object 'Object Repository/Page_Admin Login/input_ctl00ContentPlaceHolder1_2'

2018-09-03 16:05:05 - [TEST_STEP][PASSED] - click: Object: 'Object Repository/Page_Admin Login/input_ctl00ContentPlaceHolder1' is clicked on

2018-09-03 16:05:05 - [MESSAGE][PASSED] - Object: 'Object Repository/Page_Admin Login/input_ctl00ContentPlaceHolder1' is clicked on

2018-09-03 16:05:05 - [TEST_STEP][FAILED] - verifyElementText: Verify element text of test object 'Object Repository/Page_/span_SuperAdmin' FAILED. (Root cause: org.openqa.selenium.WebDriverException: Failed to decode response from marionette
Build info: version: '3.7.1', revision: '8a0099a', time: '2017-11-06T21:07:36.161Z'
System info: host: 'MANOJ-D', ip: '192.168.10.121', os.name: 'Windows 10', os.arch: 'amd64', os.version: '10.0', java.version: '1.8.0_181'
Driver info: com.kms.katalon.core.webui.driver.firefox.CGeckoDriver
Capabilities {acceptInsecureCerts: true, browserName: firefox, browserVersion: 59.0.2, javascriptEnabled: true, moz:accessibilityChecks: false, moz:headless: false, moz:processID: 8416, moz:profile: C:\Users\Manoj-D\AppData\Lo..., moz:useNonSpecCompliantPointerOrigin: false, moz:webdriverClick: true, pageLoadStrategy: normal, platform: XP, platformName: XP, platformVersion: 10.0, proxy: Proxy(direct), rotatable: false, timeouts: {implicit: 0, pageLoad: 300000, script: 30000}}
Session ID: 4dea07b9-3107-4207-b7e5-b9aa77878c02
*** Element info: {Using=xpath, value=//span[@id = 'ctl00_lblAdminName' and (text() = 'SuperAdmin' or . = 'SuperAdmin')]})

2018-09-03 16:05:13 - [MESSAGE][WARNING] - Cannot take screenshot

2018-09-03 16:05:13 - [MESSAGE][FAILED] - Verify element text of test object 'Object Repository/Page_/span_SuperAdmin' FAILED. (Root cause: org.openqa.selenium.WebDriverException: Failed to decode response from marionette
Build info: version: '3.7.1', revision: '8a0099a', time: '2017-11-06T21:07:36.161Z'
System info: host: 'MANOJ-D', ip: '192.168.10.121', os.name: 'Windows 10', os.arch: 'amd64', os.version: '10.0', java.version: '1.8.0_181'
Driver info: com.kms.katalon.core.webui.driver.firefox.CGeckoDriver
Capabilities {acceptInsecureCerts: true, browserName: firefox, browserVersion: 59.0.2, javascriptEnabled: true, moz:accessibilityChecks: false, moz:headless: false, moz:processID: 8416, moz:profile: C:\Users\Manoj-D\AppData\Lo..., moz:useNonSpecCompliantPointerOrigin: false, moz:webdriverClick: true, pageLoadStrategy: normal, platform: XP, platformName: XP, platformVersion: 10.0, proxy: Proxy(direct), rotatable: false, timeouts: {implicit: 0, pageLoad: 300000, script: 30000}}
Session ID: 4dea07b9-3107-4207-b7e5-b9aa77878c02
*** Element info: {Using=xpath, value=//span[@id = 'ctl00_lblAdminName' and (text() = 'SuperAdmin' or . = 'SuperAdmin')]})]]></system-out>
         <system-err><![CDATA[2018-09-03 16:04:58 - [TEST_CASE][FAILED] - Test Cases/Manage Department/TCA094001: Test Cases/Manage Department/TCA094001 FAILED because (of) Verify element text of test object 'Object Repository/Page_/span_SuperAdmin' FAILED. (Root cause: org.openqa.selenium.WebDriverException: Failed to decode response from marionette
Build info: version: '3.7.1', revision: '8a0099a', time: '2017-11-06T21:07:36.161Z'
System info: host: 'MANOJ-D', ip: '192.168.10.121', os.name: 'Windows 10', os.arch: 'amd64', os.version: '10.0', java.version: '1.8.0_181'
Driver info: com.kms.katalon.core.webui.driver.firefox.CGeckoDriver
Capabilities {acceptInsecureCerts: true, browserName: firefox, browserVersion: 59.0.2, javascriptEnabled: true, moz:accessibilityChecks: false, moz:headless: false, moz:processID: 8416, moz:profile: C:\Users\Manoj-D\AppData\Lo..., moz:useNonSpecCompliantPointerOrigin: false, moz:webdriverClick: true, pageLoadStrategy: normal, platform: XP, platformName: XP, platformVersion: 10.0, proxy: Proxy(direct), rotatable: false, timeouts: {implicit: 0, pageLoad: 300000, script: 30000}}
Session ID: 4dea07b9-3107-4207-b7e5-b9aa77878c02
*** Element info: {Using=xpath, value=//span[@id = 'ctl00_lblAdminName' and (text() = 'SuperAdmin' or . = 'SuperAdmin')]})]]></system-err>
      </testcase>
      <testcase name="Test Cases/Manage Department/TCA094002" classname="Test Cases/Manage Department/TCA094002" status="FAILED">
         <failure type="FAILED" message="Unable to click on object 'Object Repository/Page_/a_ Manage Department' (Root cause: org.openqa.selenium.SessionNotCreatedException: Tried to run command without establishing a connection
Build info: version: '3.7.1', revision: '8a0099a', time: '2017-11-06T21:07:36.161Z'
System info: host: 'MANOJ-D', ip: '192.168.10.121', os.name: 'Windows 10', os.arch: 'amd64', os.version: '10.0', java.version: '1.8.0_181'
Driver info: com.kms.katalon.core.webui.driver.firefox.CGeckoDriver
Capabilities {acceptInsecureCerts: true, browserName: firefox, browserVersion: 59.0.2, javascriptEnabled: true, moz:accessibilityChecks: false, moz:headless: false, moz:processID: 8416, moz:profile: C:\Users\Manoj-D\AppData\Lo..., moz:useNonSpecCompliantPointerOrigin: false, moz:webdriverClick: true, pageLoadStrategy: normal, platform: XP, platformName: XP, platformVersion: 10.0, proxy: Proxy(direct), rotatable: false, timeouts: {implicit: 0, pageLoad: 300000, script: 30000}}
Session ID: 4dea07b9-3107-4207-b7e5-b9aa77878c02
*** Element info: {Using=xpath, value=//a[@href = 'ManageDepartment.aspx' and (text() = '  Manage Department' or . = '  Manage Department')]})"/>
         <system-out><![CDATA[2018-09-03 16:05:13 - [TEST_CASE][FAILED] - Test Cases/Manage Department/TCA094002: Test Cases/Manage Department/TCA094002 FAILED because (of) Unable to click on object 'Object Repository/Page_/a_ Manage Department' (Root cause: org.openqa.selenium.SessionNotCreatedException: Tried to run command without establishing a connection
Build info: version: '3.7.1', revision: '8a0099a', time: '2017-11-06T21:07:36.161Z'
System info: host: 'MANOJ-D', ip: '192.168.10.121', os.name: 'Windows 10', os.arch: 'amd64', os.version: '10.0', java.version: '1.8.0_181'
Driver info: com.kms.katalon.core.webui.driver.firefox.CGeckoDriver
Capabilities {acceptInsecureCerts: true, browserName: firefox, browserVersion: 59.0.2, javascriptEnabled: true, moz:accessibilityChecks: false, moz:headless: false, moz:processID: 8416, moz:profile: C:\Users\Manoj-D\AppData\Lo..., moz:useNonSpecCompliantPointerOrigin: false, moz:webdriverClick: true, pageLoadStrategy: normal, platform: XP, platformName: XP, platformVersion: 10.0, proxy: Proxy(direct), rotatable: false, timeouts: {implicit: 0, pageLoad: 300000, script: 30000}}
Session ID: 4dea07b9-3107-4207-b7e5-b9aa77878c02
*** Element info: {Using=xpath, value=//a[@href = 'ManageDepartment.aspx' and (text() = '  Manage Department' or . = '  Manage Department')]})

2018-09-03 16:05:13 - [TEST_STEP][FAILED] - click: Unable to click on object 'Object Repository/Page_/a_ Manage Department' (Root cause: org.openqa.selenium.SessionNotCreatedException: Tried to run command without establishing a connection
Build info: version: '3.7.1', revision: '8a0099a', time: '2017-11-06T21:07:36.161Z'
System info: host: 'MANOJ-D', ip: '192.168.10.121', os.name: 'Windows 10', os.arch: 'amd64', os.version: '10.0', java.version: '1.8.0_181'
Driver info: com.kms.katalon.core.webui.driver.firefox.CGeckoDriver
Capabilities {acceptInsecureCerts: true, browserName: firefox, browserVersion: 59.0.2, javascriptEnabled: true, moz:accessibilityChecks: false, moz:headless: false, moz:processID: 8416, moz:profile: C:\Users\Manoj-D\AppData\Lo..., moz:useNonSpecCompliantPointerOrigin: false, moz:webdriverClick: true, pageLoadStrategy: normal, platform: XP, platformName: XP, platformVersion: 10.0, proxy: Proxy(direct), rotatable: false, timeouts: {implicit: 0, pageLoad: 300000, script: 30000}}
Session ID: 4dea07b9-3107-4207-b7e5-b9aa77878c02
*** Element info: {Using=xpath, value=//a[@href = 'ManageDepartment.aspx' and (text() = '  Manage Department' or . = '  Manage Department')]})

2018-09-03 16:05:13 - [MESSAGE][WARNING] - Cannot take screenshot

2018-09-03 16:05:13 - [MESSAGE][FAILED] - Unable to click on object 'Object Repository/Page_/a_ Manage Department' (Root cause: org.openqa.selenium.SessionNotCreatedException: Tried to run command without establishing a connection
Build info: version: '3.7.1', revision: '8a0099a', time: '2017-11-06T21:07:36.161Z'
System info: host: 'MANOJ-D', ip: '192.168.10.121', os.name: 'Windows 10', os.arch: 'amd64', os.version: '10.0', java.version: '1.8.0_181'
Driver info: com.kms.katalon.core.webui.driver.firefox.CGeckoDriver
Capabilities {acceptInsecureCerts: true, browserName: firefox, browserVersion: 59.0.2, javascriptEnabled: true, moz:accessibilityChecks: false, moz:headless: false, moz:processID: 8416, moz:profile: C:\Users\Manoj-D\AppData\Lo..., moz:useNonSpecCompliantPointerOrigin: false, moz:webdriverClick: true, pageLoadStrategy: normal, platform: XP, platformName: XP, platformVersion: 10.0, proxy: Proxy(direct), rotatable: false, timeouts: {implicit: 0, pageLoad: 300000, script: 30000}}
Session ID: 4dea07b9-3107-4207-b7e5-b9aa77878c02
*** Element info: {Using=xpath, value=//a[@href = 'ManageDepartment.aspx' and (text() = '  Manage Department' or . = '  Manage Department')]})]]></system-out>
         <system-err><![CDATA[2018-09-03 16:05:13 - [TEST_CASE][FAILED] - Test Cases/Manage Department/TCA094002: Test Cases/Manage Department/TCA094002 FAILED because (of) Unable to click on object 'Object Repository/Page_/a_ Manage Department' (Root cause: org.openqa.selenium.SessionNotCreatedException: Tried to run command without establishing a connection
Build info: version: '3.7.1', revision: '8a0099a', time: '2017-11-06T21:07:36.161Z'
System info: host: 'MANOJ-D', ip: '192.168.10.121', os.name: 'Windows 10', os.arch: 'amd64', os.version: '10.0', java.version: '1.8.0_181'
Driver info: com.kms.katalon.core.webui.driver.firefox.CGeckoDriver
Capabilities {acceptInsecureCerts: true, browserName: firefox, browserVersion: 59.0.2, javascriptEnabled: true, moz:accessibilityChecks: false, moz:headless: false, moz:processID: 8416, moz:profile: C:\Users\Manoj-D\AppData\Lo..., moz:useNonSpecCompliantPointerOrigin: false, moz:webdriverClick: true, pageLoadStrategy: normal, platform: XP, platformName: XP, platformVersion: 10.0, proxy: Proxy(direct), rotatable: false, timeouts: {implicit: 0, pageLoad: 300000, script: 30000}}
Session ID: 4dea07b9-3107-4207-b7e5-b9aa77878c02
*** Element info: {Using=xpath, value=//a[@href = 'ManageDepartment.aspx' and (text() = '  Manage Department' or . = '  Manage Department')]})]]></system-err>
      </testcase>
      <system-out><![CDATA[2018-09-03 16:04:58 - [TEST_SUITE][INCOMPLETE] - VAA0042-Manage Department: null]]></system-out>
      <system-err><![CDATA[2018-09-03 16:04:58 - [TEST_SUITE][INCOMPLETE] - VAA0042-Manage Department: null]]></system-err>
   </testsuite>
</testsuites>
