<?xml version="1.0" encoding="UTF-8"?>
<testsuites name="Login" time="13" tests="1" failures="0" errors="0">
   <testsuite name="Login" tests="1" failures="0" errors="0" time="13" timestamp="2018-09-07 12:33:58" hostname="Manoj-D - Manoj-D.vofox.com" id="Test Suites/Login">
      <properties>
         <property name="deviceName" value=""/>
         <property name="devicePlatform" value=""/>
         <property name="logFolder" value="E:\\VofoxQA\\AssesmentApp_Katalon\\AssesmentApp\\Reports\\Login\\20180907_123355"/>
         <property name="logFiles" value="E:\\VofoxQA\\AssesmentApp_Katalon\\AssesmentApp\\Reports\\Login\\20180907_123355\\execution0.log"/>
         <property name="attachments" value=""/>
         <property name="hostName" value="Manoj-D - Manoj-D.vofox.com"/>
         <property name="os" value="Windows 10 64bit"/>
         <property name="katalonVersion" value="5.6.1.1"/>
         <property name="browser" value="Firefox 59.0"/>
         <property name="hostAddress" value="192.168.10.121"/>
         <property name="sessionId" value="61177155-92d9-49f4-979f-5bae648d1841"/>
         <property name="seleniumVersion" value="3.7.1"/>
         <property name="proxyInformation" value="ProxyInformation{proxyOption=NO_PROXY, proxyServerType=HTTP, password=, proxyServerAddress=, proxyServerPort=0}"/>
         <property name="platform" value="Windows 10"/>
      </properties>
      <testcase name="Test Cases/Admin_Login/TCA091008" classname="Test Cases/Admin_Login/TCA091008" status="PASSED">
         <system-out><![CDATA[2018-09-07 12:33:59 - [TEST_CASE][PASSED] - Test Cases/Admin_Login/TCA091008: Test Cases/Admin_Login/TCA091008

2018-09-07 12:33:59 - [TEST_STEP][PASSED] - openBrowser: Browser is opened with url: ''

2018-09-07 12:34:07 - [MESSAGE][PASSED] - Browser is opened with url: ''

2018-09-07 12:34:07 - [TEST_STEP][PASSED] - navigateToUrl: Navigate to 'http://192.168.10.150/eserviceCRProvider/AdminLogin.aspx' successfully

2018-09-07 12:34:07 - [MESSAGE][PASSED] - Navigate to 'http://192.168.10.150/eserviceCRProvider/AdminLogin.aspx' successfully

2018-09-07 12:34:07 - [TEST_STEP][PASSED] - setText: Text 'Admin' is set on object 'Object Repository/Page_Admin Login/input_ctl00ContentPlaceHolder1'

2018-09-07 12:34:07 - [MESSAGE][PASSED] - Text 'Admin' is set on object 'Object Repository/Page_Admin Login/input_ctl00ContentPlaceHolder1'

2018-09-07 12:34:07 - [TEST_STEP][PASSED] - setEncryptedText: Text ****** has been set on object 'Object Repository/Page_Admin Login/input_ctl00ContentPlaceHolder1_2'

2018-09-07 12:34:09 - [MESSAGE][PASSED] - Text ****** has been set on object 'Object Repository/Page_Admin Login/input_ctl00ContentPlaceHolder1_2'

2018-09-07 12:34:09 - [TEST_STEP][PASSED] - click: Object: 'Object Repository/Page_Admin Login/input_ctl00ContentPlaceHolderBTN' is clicked on

2018-09-07 12:34:11 - [MESSAGE][PASSED] - Object: 'Object Repository/Page_Admin Login/input_ctl00ContentPlaceHolderBTN' is clicked on

2018-09-07 12:34:11 - [TEST_STEP][PASSED] - verifyElementText: Actual text and expected text of test object 'Object Repository/Page_/span_SuperAdmin' are matched.

2018-09-07 12:34:11 - [MESSAGE][PASSED] - Actual text and expected text of test object 'Object Repository/Page_/span_SuperAdmin' are matched.

2018-09-07 12:34:11 - [TEST_STEP][PASSED] - click: Object: 'Object Repository/Page_/input_ctl00imgbtnLogout' is clicked on

2018-09-07 12:34:11 - [MESSAGE][PASSED] - Object: 'Object Repository/Page_/input_ctl00imgbtnLogout' is clicked on

2018-09-07 12:34:11 - [TEST_STEP][PASSED] - verifyElementText: Actual text and expected text of test object 'Object Repository/Page_Admin Login/td_Admin Login' are matched.

2018-09-07 12:34:11 - [MESSAGE][PASSED] - Actual text and expected text of test object 'Object Repository/Page_Admin Login/td_Admin Login' are matched.

2018-09-07 12:34:11 - [TEST_STEP][PASSED] - closeBrowser: Browser is closed

2018-09-07 12:34:11 - [MESSAGE][PASSED] - Browser is closed]]></system-out>
         <system-err><![CDATA[]]></system-err>
      </testcase>
      <system-out><![CDATA[2018-09-07 12:33:58 - [TEST_SUITE][PASSED] - Login: Test Cases/Admin_Login/TCA091008]]></system-out>
      <system-err><![CDATA[]]></system-err>
   </testsuite>
</testsuites>
