<?xml version="1.0" encoding="UTF-8"?>
<testsuites name="VAA0043-Manage Employees Department" time="22" tests="3" failures="0" errors="0">
   <testsuite name="VAA0043-Manage Employees Department" tests="3" failures="0" errors="0" time="22" timestamp="2018-09-07 13:24:44" hostname="Manoj-D - Manoj-D.vofox.com" id="Test Suites/VAA0043-Manage Employees Department">
      <properties>
         <property name="deviceName" value=""/>
         <property name="devicePlatform" value=""/>
         <property name="logFolder" value="E:\\VofoxQA\\AssesmentApp_Katalon\\AssesmentApp\\Reports\\VAA0043-Manage Employees Department\\20180907_132442"/>
         <property name="logFiles" value="E:\\VofoxQA\\AssesmentApp_Katalon\\AssesmentApp\\Reports\\VAA0043-Manage Employees Department\\20180907_132442\\execution0.log"/>
         <property name="attachments" value=""/>
         <property name="hostName" value="Manoj-D - Manoj-D.vofox.com"/>
         <property name="os" value="Windows 10 64bit"/>
         <property name="katalonVersion" value="5.6.1.1"/>
         <property name="browser" value="Firefox 59.0"/>
         <property name="hostAddress" value="192.168.10.121"/>
         <property name="sessionId" value="055d67e1-c0c4-4e97-b981-5e8c1277b7bd"/>
         <property name="seleniumVersion" value="3.7.1"/>
         <property name="proxyInformation" value="ProxyInformation{proxyOption=NO_PROXY, proxyServerType=HTTP, password=, proxyServerAddress=, proxyServerPort=0}"/>
         <property name="platform" value="Windows 10"/>
      </properties>
      <testcase name="Test Cases/Manage Employees Department/TCA095001" classname="Test Cases/Manage Employees Department/TCA095001" status="PASSED">
         <system-out><![CDATA[2018-09-07 13:24:45 - [TEST_CASE][PASSED] - Test Cases/Manage Employees Department/TCA095001: Test Cases/Manage Employees Department/TCA095001

2018-09-07 13:24:45 - [TEST_STEP][PASSED] - openBrowser: Browser is opened with url: ''

2018-09-07 13:24:51 - [MESSAGE][PASSED] - Browser is opened with url: ''

2018-09-07 13:24:51 - [TEST_STEP][PASSED] - navigateToUrl: Navigate to 'http://192.168.10.150/eserviceCRProvider/AdminLogin.aspx' successfully

2018-09-07 13:24:51 - [MESSAGE][PASSED] - Navigate to 'http://192.168.10.150/eserviceCRProvider/AdminLogin.aspx' successfully

2018-09-07 13:24:51 - [TEST_STEP][PASSED] - setText: Text 'Admin' is set on object 'Object Repository/Page_Admin Login/input_ctl00ContentPlaceHolder1'

2018-09-07 13:24:52 - [MESSAGE][PASSED] - Text 'Admin' is set on object 'Object Repository/Page_Admin Login/input_ctl00ContentPlaceHolder1'

2018-09-07 13:24:52 - [TEST_STEP][PASSED] - setEncryptedText: Text ****** has been set on object 'Object Repository/Page_Admin Login/input_ctl00ContentPlaceHolder1_2'

2018-09-07 13:24:53 - [MESSAGE][PASSED] - Text ****** has been set on object 'Object Repository/Page_Admin Login/input_ctl00ContentPlaceHolder1_2'

2018-09-07 13:24:53 - [TEST_STEP][PASSED] - click: Object: 'Object Repository/Page_Admin Login/input_ctl00ContentPlaceHolderBTN' is clicked on

2018-09-07 13:24:54 - [MESSAGE][PASSED] - Object: 'Object Repository/Page_Admin Login/input_ctl00ContentPlaceHolderBTN' is clicked on]]></system-out>
         <system-err><![CDATA[]]></system-err>
      </testcase>
      <testcase name="Test Cases/Manage Employees Department/TCA095002" classname="Test Cases/Manage Employees Department/TCA095002" status="PASSED">
         <system-out><![CDATA[2018-09-07 13:24:54 - [TEST_CASE][PASSED] - Test Cases/Manage Employees Department/TCA095002: Test Cases/Manage Employees Department/TCA095002

2018-09-07 13:24:54 - [TEST_STEP][PASSED] - click: Object: 'Object Repository/Page_/a_ Manage Employees Department' is clicked on

2018-09-07 13:24:54 - [MESSAGE][PASSED] - Object: 'Object Repository/Page_/a_ Manage Employees Department' is clicked on

2018-09-07 13:24:54 - [TEST_STEP][PASSED] - selectOptionByValue: All options with value 'Employee' are selected in object 'Object Repository/Page_/select_AllEmployeeNHIP Number'  using regular expression

2018-09-07 13:24:55 - [MESSAGE][PASSED] - All options with value 'Employee' are selected in object 'Object Repository/Page_/select_AllEmployeeNHIP Number'  using regular expression

2018-09-07 13:24:55 - [TEST_STEP][PASSED] - delay: Delayed 2 second(s)

2018-09-07 13:24:57 - [MESSAGE][PASSED] - Delayed 2 second(s)

2018-09-07 13:24:57 - [TEST_STEP][PASSED] - verifyTextPresent: Text 'Enter NHIP Number/' is present on page 

2018-09-07 13:24:58 - [MESSAGE][PASSED] - Text 'Enter NHIP Number/' is present on page 

2018-09-07 13:24:58 - [TEST_STEP][PASSED] - selectOptionByValue: All options with value 'Nhip' are selected in object 'Object Repository/Page_/select_AllEmployeeNHIP Number'  using regular expression

2018-09-07 13:24:58 - [MESSAGE][PASSED] - All options with value 'Nhip' are selected in object 'Object Repository/Page_/select_AllEmployeeNHIP Number'  using regular expression

2018-09-07 13:24:58 - [TEST_STEP][PASSED] - verifyTextPresent: Text 'Enter NHIP Number/' is present on page 

2018-09-07 13:24:59 - [MESSAGE][PASSED] - Text 'Enter NHIP Number/' is present on page 

2018-09-07 13:24:59 - [TEST_STEP][PASSED] - verifyElementClickable: Object 'Object Repository/Page_/input_ctl00adminContentPlaceHo_searchbox' is clickable

2018-09-07 13:24:59 - [MESSAGE][PASSED] - Object 'Object Repository/Page_/input_ctl00adminContentPlaceHo_searchbox' is clickable

2018-09-07 13:24:59 - [TEST_STEP][PASSED] - selectOptionByValue: All options with value 'Employee' are selected in object 'Object Repository/Page_/select_AllEmployeeNHIP Number'  using regular expression

2018-09-07 13:24:59 - [MESSAGE][PASSED] - All options with value 'Employee' are selected in object 'Object Repository/Page_/select_AllEmployeeNHIP Number'  using regular expression

2018-09-07 13:24:59 - [TEST_STEP][PASSED] - click: Object: 'Object Repository/Page_/input_ctl00adminContentPlaceHo_search' is clicked on

2018-09-07 13:25:01 - [MESSAGE][PASSED] - Object: 'Object Repository/Page_/input_ctl00adminContentPlaceHo_search' is clicked on

2018-09-07 13:25:01 - [TEST_STEP][PASSED] - verifyElementText: Actual text and expected text of test object 'Object Repository/Page_/td_Sorry No Employees  Found..' are matched.

2018-09-07 13:25:01 - [MESSAGE][PASSED] - Actual text and expected text of test object 'Object Repository/Page_/td_Sorry No Employees  Found..' are matched.

2018-09-07 13:25:01 - [TEST_STEP][PASSED] - verifyElementText: Actual text and expected text of test object 'Object Repository/Page_/th_First Name' are matched.

2018-09-07 13:25:01 - [MESSAGE][PASSED] - Actual text and expected text of test object 'Object Repository/Page_/th_First Name' are matched.

2018-09-07 13:25:01 - [TEST_STEP][PASSED] - verifyElementText: Actual text and expected text of test object 'Object Repository/Page_/th_Last Name' are matched.

2018-09-07 13:25:01 - [MESSAGE][PASSED] - Actual text and expected text of test object 'Object Repository/Page_/th_Last Name' are matched.

2018-09-07 13:25:01 - [TEST_STEP][PASSED] - verifyElementText: Actual text and expected text of test object 'Object Repository/Page_/th_NHIP Number' are matched.

2018-09-07 13:25:01 - [MESSAGE][PASSED] - Actual text and expected text of test object 'Object Repository/Page_/th_NHIP Number' are matched.

2018-09-07 13:25:01 - [TEST_STEP][PASSED] - verifyElementText: Actual text and expected text of test object 'Object Repository/Page_/th_Employer' are matched.

2018-09-07 13:25:01 - [MESSAGE][PASSED] - Actual text and expected text of test object 'Object Repository/Page_/th_Employer' are matched.

2018-09-07 13:25:01 - [TEST_STEP][PASSED] - selectOptionByValue: All options with value 'Nhip' are selected in object 'Object Repository/Page_/select_AllEmployeeNHIP Number'  using regular expression

2018-09-07 13:25:02 - [MESSAGE][PASSED] - All options with value 'Nhip' are selected in object 'Object Repository/Page_/select_AllEmployeeNHIP Number'  using regular expression

2018-09-07 13:25:02 - [TEST_STEP][PASSED] - setText: Text 'dfg45' is set on object 'Object Repository/Page_/input_ctl00adminContentPlaceHo'

2018-09-07 13:25:02 - [MESSAGE][PASSED] - Text 'dfg45' is set on object 'Object Repository/Page_/input_ctl00adminContentPlaceHo'

2018-09-07 13:25:02 - [TEST_STEP][PASSED] - click: Object: 'Object Repository/Page_/input_ctl00adminContentPlaceHo_search' is clicked on

2018-09-07 13:25:02 - [MESSAGE][PASSED] - Object: 'Object Repository/Page_/input_ctl00adminContentPlaceHo_search' is clicked on

2018-09-07 13:25:02 - [TEST_STEP][PASSED] - click: Object: 'Object Repository/Page_/td_Sorry No Employees  Found..' is clicked on

2018-09-07 13:25:02 - [MESSAGE][PASSED] - Object: 'Object Repository/Page_/td_Sorry No Employees  Found..' is clicked on

2018-09-07 13:25:02 - [TEST_STEP][PASSED] - setText: Text 'NHIP-02014-00' is set on object 'Object Repository/Page_/input_ctl00adminContentPlaceHo'

2018-09-07 13:25:03 - [MESSAGE][PASSED] - Text 'NHIP-02014-00' is set on object 'Object Repository/Page_/input_ctl00adminContentPlaceHo'

2018-09-07 13:25:03 - [TEST_STEP][PASSED] - click: Object: 'Object Repository/Page_/input_ctl00adminContentPlaceHo_search' is clicked on

2018-09-07 13:25:03 - [MESSAGE][PASSED] - Object: 'Object Repository/Page_/input_ctl00adminContentPlaceHo_search' is clicked on

2018-09-07 13:25:03 - [TEST_STEP][PASSED] - verifyElementText: Actual text and expected text of test object 'Object Repository/Page_/td_NHIP-02014-00' are matched.

2018-09-07 13:25:03 - [MESSAGE][PASSED] - Actual text and expected text of test object 'Object Repository/Page_/td_NHIP-02014-00' are matched.

2018-09-07 13:25:03 - [TEST_STEP][PASSED] - selectOptionByValue: All options with value 'Employee' are selected in object 'Object Repository/Page_/select_AllEmployeeNHIP Number'  using regular expression

2018-09-07 13:25:03 - [MESSAGE][PASSED] - All options with value 'Employee' are selected in object 'Object Repository/Page_/select_AllEmployeeNHIP Number'  using regular expression

2018-09-07 13:25:03 - [TEST_STEP][PASSED] - setText: Text 'La-Cher' is set on object 'Object Repository/Page_/input_ctl00adminContentPlaceHo'

2018-09-07 13:25:03 - [MESSAGE][PASSED] - Text 'La-Cher' is set on object 'Object Repository/Page_/input_ctl00adminContentPlaceHo'

2018-09-07 13:25:03 - [TEST_STEP][PASSED] - click: Object: 'Object Repository/Page_/input_ctl00adminContentPlaceHo_search' is clicked on

2018-09-07 13:25:04 - [MESSAGE][PASSED] - Object: 'Object Repository/Page_/input_ctl00adminContentPlaceHo_search' is clicked on

2018-09-07 13:25:04 - [TEST_STEP][PASSED] - verifyElementText: Actual text and expected text of test object 'Object Repository/Page_/td_La-Cher' are matched.

2018-09-07 13:25:04 - [MESSAGE][PASSED] - Actual text and expected text of test object 'Object Repository/Page_/td_La-Cher' are matched.

2018-09-07 13:25:04 - [TEST_STEP][PASSED] - setText: Text 'Glinton' is set on object 'Object Repository/Page_/input_ctl00adminContentPlaceHo'

2018-09-07 13:25:04 - [MESSAGE][PASSED] - Text 'Glinton' is set on object 'Object Repository/Page_/input_ctl00adminContentPlaceHo'

2018-09-07 13:25:04 - [TEST_STEP][PASSED] - click: Object: 'Object Repository/Page_/input_ctl00adminContentPlaceHo_search' is clicked on

2018-09-07 13:25:04 - [MESSAGE][PASSED] - Object: 'Object Repository/Page_/input_ctl00adminContentPlaceHo_search' is clicked on

2018-09-07 13:25:04 - [TEST_STEP][PASSED] - verifyElementText: Actual text and expected text of test object 'Object Repository/Page_/td_Glinton' are matched.

2018-09-07 13:25:04 - [MESSAGE][PASSED] - Actual text and expected text of test object 'Object Repository/Page_/td_Glinton' are matched.

2018-09-07 13:25:04 - [TEST_STEP][PASSED] - click: Object: 'Object Repository/Page_/input_btnAssignEmployees' is clicked on

2018-09-07 13:25:05 - [MESSAGE][PASSED] - Object: 'Object Repository/Page_/input_btnAssignEmployees' is clicked on

2018-09-07 13:25:05 - [TEST_STEP][PASSED] - verifyElementText: Actual text and expected text of test object 'Object Repository/Page_/span_AssignUnassign Employee_pop' are matched.

2018-09-07 13:25:05 - [MESSAGE][PASSED] - Actual text and expected text of test object 'Object Repository/Page_/span_AssignUnassign Employee_pop' are matched.

2018-09-07 13:25:05 - [TEST_STEP][PASSED] - verifyElementPresent: Object 'Object Repository/Page_/input_ctl00adminContentPlaceHo_popsearch' is present

2018-09-07 13:25:05 - [MESSAGE][WARNING] - Timeout '0' is invalid. Using default page load timeout: '30'

2018-09-07 13:25:05 - [MESSAGE][PASSED] - Object 'Object Repository/Page_/input_ctl00adminContentPlaceHo_popsearch' is present

2018-09-07 13:25:05 - [TEST_STEP][PASSED] - verifyElementPresent: Object 'Object Repository/Page_/input_btnContinue_popSearch' is present

2018-09-07 13:25:05 - [MESSAGE][WARNING] - Timeout '0' is invalid. Using default page load timeout: '30'

2018-09-07 13:25:05 - [MESSAGE][PASSED] - Object 'Object Repository/Page_/input_btnContinue_popSearch' is present

2018-09-07 13:25:05 - [TEST_STEP][PASSED] - verifyElementPresent: Object 'Object Repository/Page_/input_btn_popClear' is present

2018-09-07 13:25:05 - [MESSAGE][WARNING] - Timeout '0' is invalid. Using default page load timeout: '30'

2018-09-07 13:25:05 - [MESSAGE][PASSED] - Object 'Object Repository/Page_/input_btn_popClear' is present

2018-09-07 13:25:05 - [TEST_STEP][PASSED] - verifyElementPresent: Object 'Object Repository/Page_/input_btn_pop_submit' is present

2018-09-07 13:25:05 - [MESSAGE][WARNING] - Timeout '0' is invalid. Using default page load timeout: '30'

2018-09-07 13:25:05 - [MESSAGE][PASSED] - Object 'Object Repository/Page_/input_btn_pop_submit' is present

2018-09-07 13:25:05 - [TEST_STEP][PASSED] - click: Object: 'Object Repository/Page_/input_txtdepKeyword_pop' is clicked on

2018-09-07 13:25:05 - [MESSAGE][PASSED] - Object: 'Object Repository/Page_/input_txtdepKeyword_pop' is clicked on

2018-09-07 13:25:05 - [TEST_STEP][PASSED] - setText: Text 'aa' is set on object 'Object Repository/Page_/input_txtdepKeyword_pop'

2018-09-07 13:25:05 - [MESSAGE][PASSED] - Text 'aa' is set on object 'Object Repository/Page_/input_txtdepKeyword_pop'

2018-09-07 13:25:05 - [TEST_STEP][PASSED] - click: Object: 'Object Repository/Page_/input_ctl00adminContentPlaceHo_popsearch' is clicked on

2018-09-07 13:25:06 - [MESSAGE][PASSED] - Object: 'Object Repository/Page_/input_ctl00adminContentPlaceHo_popsearch' is clicked on

2018-09-07 13:25:06 - [TEST_STEP][PASSED] - click: Object: 'Object Repository/Page_/span_Close' is clicked on

2018-09-07 13:25:06 - [MESSAGE][PASSED] - Object: 'Object Repository/Page_/span_Close' is clicked on]]></system-out>
         <system-err><![CDATA[]]></system-err>
      </testcase>
      <testcase name="Test Cases/Manage Employees Department/TCA095003" classname="Test Cases/Manage Employees Department/TCA095003" status="PASSED">
         <system-out><![CDATA[2018-09-07 13:25:06 - [TEST_CASE][PASSED] - Test Cases/Manage Employees Department/TCA095003: Test Cases/Manage Employees Department/TCA095003

2018-09-07 13:25:06 - [TEST_STEP][PASSED] - click: Object: 'Object Repository/Page_/input_ctl00imgbtnLogout' is clicked on

2018-09-07 13:25:06 - [MESSAGE][PASSED] - Object: 'Object Repository/Page_/input_ctl00imgbtnLogout' is clicked on

2018-09-07 13:25:06 - [TEST_STEP][PASSED] - verifyElementText: Actual text and expected text of test object 'Object Repository/Page_Admin Login/td_Admin Login' are matched.

2018-09-07 13:25:06 - [MESSAGE][PASSED] - Actual text and expected text of test object 'Object Repository/Page_Admin Login/td_Admin Login' are matched.]]></system-out>
         <system-err><![CDATA[]]></system-err>
      </testcase>
      <system-out><![CDATA[2018-09-07 13:24:44 - [TEST_SUITE][PASSED] - VAA0043-Manage Employees Department: Test Cases/Manage Employees Department/TCA095003]]></system-out>
      <system-err><![CDATA[]]></system-err>
   </testsuite>
</testsuites>
