<?xml version="1.0" encoding="UTF-8"?>
<testsuites name="VAA0042-Manage Department" time="10" tests="1" failures="0" errors="1">
   <testsuite name="VAA0042-Manage Department" tests="1" failures="0" errors="1" time="10" timestamp="2018-09-03 16:40:39" hostname="Manoj-D - Manoj-D.vofox.com" id="Test Suites/VAA0042-Manage Department">
      <properties>
         <property name="deviceName" value=""/>
         <property name="devicePlatform" value=""/>
         <property name="logFolder" value="E:\\VofoxQA\\AssesmentApp_Katalon\\AssesmentApp\\Reports\\VAA0042-Manage Department\\20180903_164037"/>
         <property name="logFiles" value="E:\\VofoxQA\\AssesmentApp_Katalon\\AssesmentApp\\Reports\\VAA0042-Manage Department\\20180903_164037\\execution0.log"/>
         <property name="attachments" value=""/>
         <property name="hostName" value="Manoj-D - Manoj-D.vofox.com"/>
         <property name="os" value="Windows 10 64bit"/>
         <property name="katalonVersion" value="5.6.1.1"/>
         <property name="browser" value="Firefox 59.0"/>
         <property name="hostAddress" value="192.168.10.121"/>
         <property name="sessionId" value="64346bf3-3b30-4c10-95de-75ac21fa4ac2"/>
         <property name="seleniumVersion" value="3.7.1"/>
         <property name="proxyInformation" value="ProxyInformation{proxyOption=NO_PROXY, proxyServerType=HTTP, password=, proxyServerAddress=, proxyServerPort=0}"/>
         <property name="platform" value="Windows 10"/>
      </properties>
      <testcase name="Test Cases/Manage Department/TCA094001" classname="Test Cases/Manage Department/TCA094001" status="PASSED">
         <system-out><![CDATA[2018-09-03 16:40:39 - [TEST_CASE][PASSED] - Test Cases/Manage Department/TCA094001: Test Cases/Manage Department/TCA094001

2018-09-03 16:40:39 - [TEST_STEP][PASSED] - openBrowser: Browser is opened with url: ''

2018-09-03 16:40:44 - [MESSAGE][PASSED] - Browser is opened with url: ''

2018-09-03 16:40:44 - [TEST_STEP][PASSED] - navigateToUrl: Navigate to 'http://192.168.10.150/eserviceCRProvider/AdminLogin.aspx' successfully

2018-09-03 16:40:45 - [MESSAGE][PASSED] - Navigate to 'http://192.168.10.150/eserviceCRProvider/AdminLogin.aspx' successfully

2018-09-03 16:40:45 - [TEST_STEP][PASSED] - setText: Text 'Admin' is set on object 'Object Repository/Page_Admin Login/input_ctl00ContentPlaceHolder1_1'

2018-09-03 16:40:46 - [MESSAGE][PASSED] - Text 'Admin' is set on object 'Object Repository/Page_Admin Login/input_ctl00ContentPlaceHolder1_1'

2018-09-03 16:40:46 - [TEST_STEP][PASSED] - setEncryptedText: Text ****** has been set on object 'Object Repository/Page_Admin Login/input_ctl00ContentPlaceHolder1_2'

2018-09-03 16:40:46 - [MESSAGE][PASSED] - Text ****** has been set on object 'Object Repository/Page_Admin Login/input_ctl00ContentPlaceHolder1_2'

2018-09-03 16:40:46 - [TEST_STEP][PASSED] - click: Object: 'Object Repository/Page_Admin Login/input_ctl00ContentPlaceHolderBTN' is clicked on

2018-09-03 16:40:48 - [MESSAGE][PASSED] - Object: 'Object Repository/Page_Admin Login/input_ctl00ContentPlaceHolderBTN' is clicked on

2018-09-03 16:40:48 - [TEST_STEP][PASSED] - verifyElementText: Actual text and expected text of test object 'Object Repository/Page_/span_SuperAdmin' are matched.

2018-09-03 16:40:48 - [MESSAGE][PASSED] - Actual text and expected text of test object 'Object Repository/Page_/span_SuperAdmin' are matched.]]></system-out>
         <system-err><![CDATA[]]></system-err>
      </testcase>
      <testcase name="Test Cases/Manage Department/TCA094002" classname="Test Cases/Manage Department/TCA094002" status="ERROR">
         <error type="ERROR" message="Test Cases/Manage Department/TCA094002 FAILED because (of) java.lang.NullPointerException"/>
         <system-out><![CDATA[2018-09-03 16:40:48 - [TEST_CASE][ERROR] - Test Cases/Manage Department/TCA094002: Test Cases/Manage Department/TCA094002 FAILED because (of) java.lang.NullPointerException

2018-09-03 16:40:48 - [TEST_STEP][PASSED] - click: Object: 'Object Repository/Page_/a_ Manage Department' is clicked on

2018-09-03 16:40:48 - [MESSAGE][PASSED] - Object: 'Object Repository/Page_/a_ Manage Department' is clicked on

2018-09-03 16:40:48 - [TEST_STEP][PASSED] - verifyElementText: Actual text and expected text of test object 'Object Repository/Page_/td_Manage Department' are matched.

2018-09-03 16:40:48 - [MESSAGE][PASSED] - Actual text and expected text of test object 'Object Repository/Page_/td_Manage Department' are matched.

2018-09-03 16:40:48 - [TEST_STEP][PASSED] - verifyElementText: Actual text and expected text of test object 'Object Repository/Page_/th_Department' are matched.

2018-09-03 16:40:48 - [MESSAGE][PASSED] - Actual text and expected text of test object 'Object Repository/Page_/th_Department' are matched.

2018-09-03 16:40:48 - [TEST_STEP][PASSED] - verifyElementText: Actual text and expected text of test object 'Object Repository/Page_/th_Description' are matched.

2018-09-03 16:40:48 - [MESSAGE][PASSED] - Actual text and expected text of test object 'Object Repository/Page_/th_Description' are matched.

2018-09-03 16:40:48 - [TEST_STEP][PASSED] - verifyElementText: Actual text and expected text of test object 'Object Repository/Page_/a_Edit' are matched.

2018-09-03 16:40:48 - [MESSAGE][PASSED] - Actual text and expected text of test object 'Object Repository/Page_/a_Edit' are matched.

2018-09-03 16:40:48 - [TEST_STEP][PASSED] - verifyElementText: Actual text and expected text of test object 'Object Repository/Page_/a_Delete' are matched.

2018-09-03 16:40:49 - [MESSAGE][PASSED] - Actual text and expected text of test object 'Object Repository/Page_/a_Delete' are matched.

2018-09-03 16:40:49 - [TEST_STEP][PASSED] - verifyElementVisible: Object 'Object Repository/Page_/input_btnAddNewDepartment' is visible

2018-09-03 16:40:49 - [MESSAGE][PASSED] - Object 'Object Repository/Page_/input_btnAddNewDepartment' is visible

2018-09-03 16:40:49 - [TEST_STEP][PASSED] - verifyElementVisible: Object 'Object Repository/Page_/span_1' is visible

2018-09-03 16:40:49 - [MESSAGE][PASSED] - Object 'Object Repository/Page_/span_1' is visible

2018-09-03 16:40:49 - [TEST_STEP][PASSED] - click: Object: 'Object Repository/Page_/input_btnAddNewDepartment' is clicked on

2018-09-03 16:40:49 - [MESSAGE][PASSED] - Object: 'Object Repository/Page_/input_btnAddNewDepartment' is clicked on

2018-09-03 16:40:49 - [TEST_STEP][PASSED] - verifyElementText: Test object with id 'Object Repository/' does not exist

2018-09-03 16:40:49 - [MESSAGE][WARNING] - Test object with id 'Object Repository//html[1]/body[1]/div[2]/div[1]/span[1]' does not exist

2018-09-03 16:40:49 - [MESSAGE][WARNING] - Test object with id 'Object Repository/' does not exist]]></system-out>
         <system-err><![CDATA[2018-09-03 16:40:48 - [TEST_CASE][ERROR] - Test Cases/Manage Department/TCA094002: Test Cases/Manage Department/TCA094002 FAILED because (of) java.lang.NullPointerException]]></system-err>
      </testcase>
      <system-out><![CDATA[2018-09-03 16:40:39 - [TEST_SUITE][ERROR] - VAA0042-Manage Department: Test Cases/Manage Department/TCA094002 FAILED because (of) java.lang.NullPointerException]]></system-out>
      <system-err><![CDATA[2018-09-03 16:40:39 - [TEST_SUITE][ERROR] - VAA0042-Manage Department: Test Cases/Manage Department/TCA094002 FAILED because (of) java.lang.NullPointerException]]></system-err>
   </testsuite>
</testsuites>
